Parsing Graph File data/CA-HepTh.txt as an undirected graph...
Renaming vertices is ON
Number of edges: 103942
Number of vertices: 9877
Pattern Matching vector size is:16
Full patterns coverage
Sorted by frequency of patterns (high to low)
Pattern  |  Frequency | NNZ coverage percentage% 
1000000000000000 : 23464 :  22.574%
1100000000000000 : 1599 :  3.077%
1010000000000000 : 743 :  1.430%
1110000000000000 : 511 :  1.475%
1001000000000000 : 505 :  0.972%
1000100000000000 : 338 :  0.650%
1000010000000000 : 278 :  0.535%
1111000000000000 : 234 :  0.901%
1000001000000000 : 217 :  0.418%
1000000100000000 : 211 :  0.406%
1011000000000000 : 171 :  0.494%
1111100000000000 : 144 :  0.693%
1000000010000000 : 143 :  0.275%
1101000000000000 : 132 :  0.381%
1000000000100000 : 131 :  0.252%
1000000001000000 : 123 :  0.237%
1000000000000010 : 119 :  0.229%
1000000000010000 : 119 :  0.229%
1000000000001000 : 108 :  0.208%
1000000000000100 : 100 :  0.192%
1000000000000001 : 91 :  0.175%
1111110000000000 : 89 :  0.514%
1111111000000000 : 82 :  0.552%
1100100000000000 : 62 :  0.179%
1111111111111111 : 58 :  0.893%
1001100000000000 : 55 :  0.159%
1010100000000000 : 49 :  0.141%
1001010000000000 : 42 :  0.121%
1111111100000000 : 41 :  0.316%
1101100000000000 : 40 :  0.154%
1000110000000000 : 38 :  0.110%
1011100000000000 : 37 :  0.142%
1100010000000000 : 34 :  0.098%
1110100000000000 : 34 :  0.131%
1010010000000000 : 33 :  0.095%
1111111110000000 : 29 :  0.251%
1001001000000000 : 28 :  0.081%
1010000010000000 : 24 :  0.069%
1000011000000000 : 24 :  0.069%
1000101000000000 : 24 :  0.069%
1111111111000000 : 23 :  0.221%
1011110000000000 : 23 :  0.111%
1010001000000000 : 20 :  0.058%
1111111111100000 : 19 :  0.201%
1001110000000000 : 19 :  0.073%
1000100100000000 : 18 :  0.052%
1000001100000000 : 18 :  0.052%
1111111111101111 : 18 :  0.260%
1111111111111101 : 17 :  0.245%
1000000011000000 : 15 :  0.043%
1100000010000000 : 15 :  0.043%
1111111111110000 : 14 :  0.162%
1100000100000000 : 14 :  0.040%
1001000100000000 : 13 :  0.038%
1100001000000000 : 13 :  0.038%
1000000000110000 : 13 :  0.038%
1010000100000000 : 13 :  0.038%
1111111111111000 : 13 :  0.163%
1011111000000000 : 13 :  0.075%
1000100010000000 : 12 :  0.035%
1100000001000000 : 12 :  0.035%
1000010010000000 : 12 :  0.035%
1000100000000100 : 11 :  0.032%
1100110000000000 : 11 :  0.042%
1000000010001000 : 11 :  0.032%
1111111111111100 : 11 :  0.148%
1000000100100000 : 11 :  0.032%
1000010100000000 : 11 :  0.032%
1100111110110000 : 11 :  0.095%
1000000001000100 : 10 :  0.029%
1000010000010000 : 10 :  0.029%
1001000010000000 : 10 :  0.029%
1000000000101000 : 10 :  0.029%
1010110000000000 : 10 :  0.038%
1110110000000000 : 10 :  0.048%
1101110000000000 : 10 :  0.048%
1000001001000000 : 9 :  0.026%
1000000000001010 : 9 :  0.026%
1000000010010000 : 9 :  0.026%
1001101000000000 : 9 :  0.035%
1000000010100000 : 9 :  0.026%
1000111000000000 : 9 :  0.035%
1101010000000000 : 9 :  0.035%
1111100011100111 : 9 :  0.095%
1000000110000000 : 8 :  0.023%
1000001010000000 : 8 :  0.023%
1111111111111110 : 8 :  0.115%
1000000001100000 : 8 :  0.023%
1001000000000010 : 8 :  0.023%
1000000001010000 : 8 :  0.023%
1011010000000000 : 8 :  0.031%
1010000000010000 : 7 :  0.020%
1001000000001000 : 7 :  0.020%
1000000001001000 : 7 :  0.020%
1100000000010000 : 7 :  0.020%
1000000100010000 : 7 :  0.020%
1000000100001000 : 7 :  0.020%
1100100100000000 : 7 :  0.027%
1000100001000000 : 7 :  0.020%
1000001000000001 : 7 :  0.020%
1000000000100010 : 7 :  0.020%
1010000000000100 : 7 :  0.020%
1100000000000100 : 7 :  0.020%
1010111000000000 : 7 :  0.034%
1111010000000000 : 7 :  0.034%
1100000000000001 : 6 :  0.017%
1010000000000001 : 6 :  0.017%
1000100000000010 : 6 :  0.017%
1000000101000000 : 6 :  0.017%
1001000001000000 : 6 :  0.017%
1000100000100000 : 6 :  0.017%
1000000100000001 : 6 :  0.017%
1000000000000101 : 6 :  0.017%
1000000010000100 : 6 :  0.017%
1001000000010000 : 6 :  0.017%
1000010000000010 : 6 :  0.017%
1100000000100000 : 6 :  0.017%
1000000000010010 : 6 :  0.017%
1100000000001000 : 6 :  0.017%
1011111100000000 : 6 :  0.040%
1000000100000010 : 6 :  0.017%
1101000000100000 : 6 :  0.023%
1000101100000000 : 6 :  0.023%
1110111000000000 : 6 :  0.035%
1000010000000100 : 5 :  0.014%
1000000000000110 : 5 :  0.014%
1000000000011000 : 5 :  0.014%
1000000000010100 : 5 :  0.014%
1000100000000001 : 5 :  0.014%
1001111110000000 : 5 :  0.034%
1000010000100000 : 5 :  0.014%
1000011100000000 : 5 :  0.019%
1000000000000011 : 5 :  0.014%
1000010000001000 : 5 :  0.014%
1010101000000000 : 5 :  0.019%
1000110100000000 : 5 :  0.019%
1010011000000000 : 5 :  0.019%
1000000010000010 : 5 :  0.014%
1000010001000000 : 5 :  0.014%
1110101000000000 : 5 :  0.024%
1001111000000000 : 5 :  0.024%
1010000000100000 : 5 :  0.014%
1011111111111111 : 5 :  0.072%
1100011000000000 : 5 :  0.019%
1100101000000000 : 5 :  0.019%
1101001000000000 : 5 :  0.019%
1111011111101101 : 5 :  0.063%
1010000001000000 : 4 :  0.012%
1000000000001100 : 4 :  0.012%
1000100000010000 : 4 :  0.012%
1101000100000000 : 4 :  0.015%
1000000010000001 : 4 :  0.012%
1010000000001000 : 4 :  0.012%
1000000001000010 : 4 :  0.012%
1000000000100100 : 4 :  0.012%
1000001000100000 : 4 :  0.012%
1000001000010000 : 4 :  0.012%
1110010000000000 : 4 :  0.015%
1011001000000000 : 4 :  0.015%
1100001100000000 : 4 :  0.015%
1010000010100000 : 4 :  0.015%
1011011000000000 : 4 :  0.019%
1001000000100000 : 4 :  0.012%
1101111100000000 : 4 :  0.027%
1110111100000000 : 4 :  0.027%
1000100110000000 : 4 :  0.015%
1011111110000000 : 4 :  0.031%
1101111000000000 : 4 :  0.023%
1111011000000000 : 4 :  0.023%
1001111111111111 : 3 :  0.040%
1000101010000000 : 3 :  0.012%
1000000000000111 : 3 :  0.012%
1000000011010000 : 3 :  0.012%
1000001000001000 : 3 :  0.009%
1001011000000000 : 3 :  0.012%
1000000000010001 : 3 :  0.009%
1001000000000001 : 3 :  0.009%
1001001000001000 : 3 :  0.012%
1000001010000001 : 3 :  0.012%
1010001000000010 : 3 :  0.012%
1000000000010101 : 3 :  0.012%
1111100100000000 : 3 :  0.017%
1001000001001000 : 3 :  0.012%
1001111100000000 : 3 :  0.017%
1001011100000000 : 3 :  0.014%
1101111111100000 : 3 :  0.029%
1100000000000010 : 3 :  0.009%
1000000111111111 : 3 :  0.029%
1001001100000000 : 3 :  0.012%
1000001110000000 : 3 :  0.012%
1010001000100000 : 3 :  0.012%
1011000001000000 : 3 :  0.012%
1101000000000010 : 3 :  0.012%
1010010000001000 : 3 :  0.012%
1000000000100001 : 3 :  0.009%
1000010100000001 : 3 :  0.012%
1001100010000000 : 3 :  0.012%
1001101100000000 : 3 :  0.014%
1000010000000001 : 3 :  0.009%
1000101111111111 : 3 :  0.035%
1110001000000000 : 3 :  0.012%
1000000000001111 : 3 :  0.014%
1001000110000000 : 3 :  0.012%
1000011110000000 : 3 :  0.014%
1001110100000000 : 3 :  0.014%
1011000100000000 : 3 :  0.012%
1000000000011100 : 3 :  0.012%
1000111100000000 : 3 :  0.014%
1010000000110000 : 3 :  0.012%
1000000011001000 : 3 :  0.012%
1011111111110000 : 3 :  0.032%
1001000010010000 : 3 :  0.012%
1011000000010000 : 3 :  0.012%
1001100100000000 : 3 :  0.012%
1000000000111000 : 3 :  0.012%
1010100100000000 : 3 :  0.012%
1000110001000000 : 3 :  0.012%
1111011110000000 : 3 :  0.023%
1101011000000000 : 3 :  0.014%
1100111000000000 : 3 :  0.014%
1111101000000000 : 3 :  0.017%
1110111110000000 : 3 :  0.023%
1000001000010010 : 2 :  0.008%
1010000000000010 : 2 :  0.006%
1001010000000010 : 2 :  0.008%
1000010010100110 : 2 :  0.012%
1000001111111111 : 2 :  0.021%
1000001010110000 : 2 :  0.010%
1000011011000000 : 2 :  0.010%
1000001100001000 : 2 :  0.008%
1000010001111111 : 2 :  0.017%
1000001000110000 : 2 :  0.008%
1000111111111100 : 2 :  0.021%
1000000000010110 : 2 :  0.008%
1000001010000010 : 2 :  0.008%
1001111111111100 : 2 :  0.023%
1001100000001000 : 2 :  0.008%
1001000011000000 : 2 :  0.008%
1100100001000000 : 2 :  0.008%
1000000001111111 : 2 :  0.015%
1101000001000000 : 2 :  0.008%
1000101010000001 : 2 :  0.010%
1000011111111000 : 2 :  0.017%
1000000000001001 : 2 :  0.006%
1010010001000000 : 2 :  0.008%
1110000010000000 : 2 :  0.008%
1011111111000000 : 2 :  0.017%
1010001000000100 : 2 :  0.008%
1010001001100000 : 2 :  0.010%
1000010100000010 : 2 :  0.008%
1000100010010000 : 2 :  0.008%
1001010000010000 : 2 :  0.008%
1011111111111100 : 2 :  0.025%
1000000000011111 : 2 :  0.012%
1001010000001000 : 2 :  0.008%
1000001111000000 : 2 :  0.010%
1001000100001000 : 2 :  0.008%
1000100001000100 : 2 :  0.008%
1000010000001010 : 2 :  0.008%
1100000010010000 : 2 :  0.008%
1001000111111000 : 2 :  0.015%
1111101110000000 : 2 :  0.015%
1000001010010000 : 2 :  0.008%
1000000011111111 : 2 :  0.017%
1001000100000001 : 2 :  0.008%
1000010001010000 : 2 :  0.008%
1000010100010000 : 2 :  0.008%
1000010101000000 : 2 :  0.008%
1010100000100000 : 2 :  0.008%
1000000000101010 : 2 :  0.008%
1001101010000000 : 2 :  0.010%
1001010001000000 : 2 :  0.008%
1000000111000000 : 2 :  0.008%
1000000100110000 : 2 :  0.008%
1110111111111111 : 2 :  0.029%
1100000001010000 : 2 :  0.008%
1100000101000000 : 2 :  0.008%
1000100010001000 : 2 :  0.008%
1000100000001000 : 2 :  0.006%
1110010100000000 : 2 :  0.010%
1010010000100000 : 2 :  0.008%
1100000010000010 : 2 :  0.008%
1001001000011000 : 2 :  0.010%
1010000001000100 : 2 :  0.008%
1001000001100000 : 2 :  0.008%
1000000001001100 : 2 :  0.008%
1010001100000000 : 2 :  0.008%
1110000100000000 : 2 :  0.008%
1001000011001000 : 2 :  0.010%
1001000010000001 : 2 :  0.008%
1001111111100000 : 2 :  0.017%
1100001111111000 : 2 :  0.017%
1010010100010000 : 2 :  0.010%
1001000111100000 : 2 :  0.012%
1001010000101110 : 2 :  0.013%
1100000010001000 : 2 :  0.008%
1000000110010000 : 2 :  0.008%
1101011001000000 : 2 :  0.012%
1101000010000000 : 2 :  0.008%
1011000010000000 : 2 :  0.008%
1000010000011000 : 2 :  0.008%
1100001011000000 : 2 :  0.010%
1001100001000000 : 2 :  0.008%
1001010100000000 : 2 :  0.008%
1101010110000000 : 2 :  0.012%
1100011100000000 : 2 :  0.010%
1001001001000000 : 2 :  0.008%
1101100001000000 : 2 :  0.010%
1010001010000000 : 2 :  0.008%
1011101000000000 : 2 :  0.010%
1111111111101101 : 2 :  0.027%
1110000010110000 : 2 :  0.012%
1011000011100000 : 2 :  0.012%
1101010100000000 : 2 :  0.010%
1110011000000000 : 2 :  0.010%
1100010100000000 : 2 :  0.008%
1101111110000000 : 2 :  0.015%
1111111010000000 : 2 :  0.015%
1010000010111111 : 1 :  0.009%
1000100110010000 : 1 :  0.005%
1000111001001000 : 1 :  0.006%
1000000110100010 : 1 :  0.005%
1000000011000011 : 1 :  0.005%
1010000010000001 : 1 :  0.004%
1000000010101000 : 1 :  0.004%
1010000011010100 : 1 :  0.006%
1000000010100100 : 1 :  0.004%
1110001001000000 : 1 :  0.005%
1000000100000101 : 1 :  0.004%
1000101001100000 : 1 :  0.005%
1010010000100010 : 1 :  0.005%
1101000100000010 : 1 :  0.005%
1001001000001010 : 1 :  0.005%
1101000100000001 : 1 :  0.005%
1000001010001010 : 1 :  0.005%
1000010100000100 : 1 :  0.004%
1000001100001010 : 1 :  0.005%
1010000001001000 : 1 :  0.004%
1010001100110000 : 1 :  0.006%
1000001001110101 : 1 :  0.007%
1010000101000001 : 1 :  0.005%
1000110111111111 : 1 :  0.012%
1001000000000100 : 1 :  0.003%
1100100010001010 : 1 :  0.006%
1000101001110101 : 1 :  0.008%
1001001010100000 : 1 :  0.005%
1000010000101000 : 1 :  0.004%
1001000000010010 : 1 :  0.004%
1000010000011100 : 1 :  0.005%
1000001000100001 : 1 :  0.004%
1011101000001001 : 1 :  0.007%
1001000010010100 : 1 :  0.005%
1000000000100011 : 1 :  0.004%
1011100000001001 : 1 :  0.006%
1000000100100010 : 1 :  0.004%
1000000100010101 : 1 :  0.005%
1000000000110010 : 1 :  0.004%
1011000111000000 : 1 :  0.006%
1011000100100000 : 1 :  0.005%
1010100011000000 : 1 :  0.005%
1010111111111111 : 1 :  0.013%
1111010101000000 : 1 :  0.007%
1000101000001000 : 1 :  0.004%
1011000100000010 : 1 :  0.005%
1101000101000010 : 1 :  0.006%
1100011010011000 : 1 :  0.007%
1001001101100111 : 1 :  0.009%
1100000111111111 : 1 :  0.011%
1100110000011100 : 1 :  0.007%
1000001000000010 : 1 :  0.003%
1000010010001000 : 1 :  0.004%
1010000010001000 : 1 :  0.004%
1010110100001000 : 1 :  0.006%
1000100000000101 : 1 :  0.004%
1000000000101001 : 1 :  0.004%
1110101100000000 : 1 :  0.006%
1010000110000000 : 1 :  0.004%
1010000010011111 : 1 :  0.008%
1000011111100000 : 1 :  0.007%
1000000001100100 : 1 :  0.004%
1000001111110000 : 1 :  0.007%
1000001001100000 : 1 :  0.004%
1100000000110100 : 1 :  0.005%
1000110000010000 : 1 :  0.004%
1001100000010000 : 1 :  0.004%
1000001110000100 : 1 :  0.005%
1000010111111111 : 1 :  0.011%
1101111111110000 : 1 :  0.011%
1000001000001100 : 1 :  0.004%
1000000101100101 : 1 :  0.006%
1000001100100000 : 1 :  0.004%
1000100010001110 : 1 :  0.006%
1011000100000011 : 1 :  0.006%
1000000100011000 : 1 :  0.004%
1001000100010000 : 1 :  0.004%
1000000011000100 : 1 :  0.004%
1000100010000100 : 1 :  0.004%
1000100011000000 : 1 :  0.004%
1000100011000100 : 1 :  0.005%
1000000001000110 : 1 :  0.004%
1100000000011001 : 1 :  0.005%
1010000001111100 : 1 :  0.007%
1000110000000001 : 1 :  0.004%
1000000001000001 : 1 :  0.003%
1100000001111110 : 1 :  0.008%
1001000011111111 : 1 :  0.010%
1000000000100101 : 1 :  0.004%
1010100011010000 : 1 :  0.006%
1011111001100000 : 1 :  0.008%
1000111000100001 : 1 :  0.006%
1010000100011111 : 1 :  0.008%
1010100000100001 : 1 :  0.005%
1001001000010001 : 1 :  0.005%
1100000001111000 : 1 :  0.006%
1110000000100100 : 1 :  0.005%
1000011001100010 : 1 :  0.006%
1101100101110000 : 1 :  0.008%
1000011111111100 : 1 :  0.010%
1100001001000000 : 1 :  0.004%
1010000000011000 : 1 :  0.004%
1001010000010110 : 1 :  0.006%
1000010010000010 : 1 :  0.004%
1011111111111000 : 1 :  0.012%
1000000101010000 : 1 :  0.004%
1101001010000010 : 1 :  0.006%
1000010001000010 : 1 :  0.004%
1001000001000010 : 1 :  0.004%
1100101000001111 : 1 :  0.008%
1001100010100000 : 1 :  0.005%
1011000010100000 : 1 :  0.005%
1011101010000000 : 1 :  0.006%
1001001010000000 : 1 :  0.004%
1010000100010111 : 1 :  0.007%
1111111111000011 : 1 :  0.012%
1010010000010111 : 1 :  0.007%
1100001010000000 : 1 :  0.004%
1011100010010010 : 1 :  0.007%
1000000100000110 : 1 :  0.004%
1010010100010110 : 1 :  0.007%
1000010101010000 : 1 :  0.005%
1001000011001010 : 1 :  0.006%
1000110110000000 : 1 :  0.005%
1100010000100000 : 1 :  0.004%
1000100010100001 : 1 :  0.005%
1100000100010010 : 1 :  0.005%
1011110110010000 : 1 :  0.008%
1100000001001000 : 1 :  0.004%
1010000000100100 : 1 :  0.004%
1000000011000001 : 1 :  0.004%
1000000101010001 : 1 :  0.005%
1100100110000011 : 1 :  0.007%
1010001111000000 : 1 :  0.006%
1001010001000010 : 1 :  0.005%
1000000111010001 : 1 :  0.006%
1000010000000101 : 1 :  0.004%
1111000001000000 : 1 :  0.005%
1011100000100000 : 1 :  0.005%
1101100000100000 : 1 :  0.005%
1110100000100000 : 1 :  0.005%
1111000000100000 : 1 :  0.005%
1001001001111100 : 1 :  0.008%
1001111111000000 : 1 :  0.008%
1000100100111000 : 1 :  0.006%
1011000000000110 : 1 :  0.005%
1000100100011000 : 1 :  0.005%
1000000100101000 : 1 :  0.004%
1101000000101010 : 1 :  0.006%
1000001111100000 : 1 :  0.006%
1000000010001110 : 1 :  0.005%
1100000100010000 : 1 :  0.004%
1001110000000001 : 1 :  0.005%
1001100000001001 : 1 :  0.005%
1000000000001011 : 1 :  0.004%
1100011111111111 : 1 :  0.013%
1010111110000000 : 1 :  0.007%
1110101010110000 : 1 :  0.008%
1100000000001010 : 1 :  0.004%
1000001000010100 : 1 :  0.004%
1001001110100000 : 1 :  0.006%
1101100000001000 : 1 :  0.005%
1000010000110000 : 1 :  0.004%
1010010000011000 : 1 :  0.005%
1000001010001000 : 1 :  0.004%
1010101000000100 : 1 :  0.005%
1111001000000001 : 1 :  0.006%
1111001000000000 : 1 :  0.005%
1000000110001100 : 1 :  0.005%
1011001100000000 : 1 :  0.005%
1001100000100000 : 1 :  0.004%
1000010001000100 : 1 :  0.004%
1000100101010100 : 1 :  0.006%
1100001011111111 : 1 :  0.011%
1110000000100000 : 1 :  0.004%
1000001000011000 : 1 :  0.004%
1001000100111110 : 1 :  0.008%
1000000001011010 : 1 :  0.005%
1100001000100010 : 1 :  0.005%
1101011011100101 : 1 :  0.010%
1101000100111111 : 1 :  0.010%
1111111010100111 : 1 :  0.012%
1001001000110000 : 1 :  0.005%
1000100100110000 : 1 :  0.005%
1000100000100001 : 1 :  0.004%
1100000100100000 : 1 :  0.004%
1000001001000101 : 1 :  0.005%
1000010001100000 : 1 :  0.004%
1000111110000000 : 1 :  0.006%
1000111100010000 : 1 :  0.006%
1001010001010000 : 1 :  0.005%
1001001011000000 : 1 :  0.005%
1000100000000110 : 1 :  0.004%
1001000010101000 : 1 :  0.005%
1000001101000000 : 1 :  0.004%
1010000111111110 : 1 :  0.010%
1010001010100000 : 1 :  0.005%
1000010000011011 : 1 :  0.006%
1000011100010000 : 1 :  0.005%
1111011111100000 : 1 :  0.010%
1100011101111001 : 1 :  0.010%
1110000100001000 : 1 :  0.005%
1000000011111000 : 1 :  0.006%
1010000000101001 : 1 :  0.005%
1110000000000010 : 1 :  0.004%
1100100000101010 : 1 :  0.006%
1010100010010000 : 1 :  0.005%
1110101000010000 : 1 :  0.006%
1110010010000010 : 1 :  0.006%
1001010000000001 : 1 :  0.004%
1100100111001100 : 1 :  0.008%
1100000011000000 : 1 :  0.004%
1010010111111111 : 1 :  0.012%
1010000010110000 : 1 :  0.005%
1011011100110000 : 1 :  0.008%
1010100000000100 : 1 :  0.004%
1100100001111010 : 1 :  0.008%
1010010100000000 : 1 :  0.004%
1001000000101000 : 1 :  0.004%
1101100001011111 : 1 :  0.010%
1100000100000110 : 1 :  0.005%
1010000011000001 : 1 :  0.005%
1011010011100000 : 1 :  0.007%
1100000000101000 : 1 :  0.004%
1100101010001100 : 1 :  0.007%
1000011111111111 : 1 :  0.012%
1110001111111000 : 1 :  0.010%
1001000000011111 : 1 :  0.007%
1100100101110000 : 1 :  0.007%
1011000110100000 : 1 :  0.006%
1101000010100000 : 1 :  0.005%
1011000000100000 : 1 :  0.004%
1111000010000000 : 1 :  0.005%
1011010000100000 : 1 :  0.005%
1111001000110000 : 1 :  0.007%
1000001000001001 : 1 :  0.004%
1011000000110000 : 1 :  0.005%
1011010000000100 : 1 :  0.005%
1010001000000011 : 1 :  0.005%
1000101011111111 : 1 :  0.011%
1010101000100100 : 1 :  0.006%
1000100111111111 : 1 :  0.011%
1011000001001000 : 1 :  0.005%
1010111100110000 : 1 :  0.008%
1011101001011000 : 1 :  0.008%
1000000001010010 : 1 :  0.004%
1000011110010000 : 1 :  0.006%
1000110000100000 : 1 :  0.004%
1001001000001001 : 1 :  0.005%
1100000001100000 : 1 :  0.004%
1001010000100000 : 1 :  0.004%
1011101110010000 : 1 :  0.008%
1010011010010000 : 1 :  0.006%
1110011110000000 : 1 :  0.007%
1000001110111000 : 1 :  0.007%
1000010101100111 : 1 :  0.008%
1001100100010000 : 1 :  0.005%
1001101010100000 : 1 :  0.006%
1001000100101000 : 1 :  0.005%
1010010001001000 : 1 :  0.005%
1001000110000001 : 1 :  0.005%
1000010101000100 : 1 :  0.005%
1000000100100100 : 1 :  0.004%
1001000010001000 : 1 :  0.004%
1000110000000010 : 1 :  0.004%
1111000010001000 : 1 :  0.006%
1001000000000111 : 1 :  0.005%
1001001000010000 : 1 :  0.004%
1110000111000000 : 1 :  0.006%
1101011111100000 : 1 :  0.009%
1000010000101110 : 1 :  0.006%
1001100110000000 : 1 :  0.005%
1001010000100110 : 1 :  0.006%
1001010000101010 : 1 :  0.006%
1001010000101100 : 1 :  0.006%
1100000000100001 : 1 :  0.004%
1101000000001000 : 1 :  0.004%
1101100000000100 : 1 :  0.005%
1000000011011111 : 1 :  0.008%
1101100011000000 : 1 :  0.006%
1101000110001000 : 1 :  0.006%
1000110010001001 : 1 :  0.006%
1001000000111011 : 1 :  0.007%
1110001111100011 : 1 :  0.010%
1000100111000000 : 1 :  0.005%
1000111111000000 : 1 :  0.007%
1000000101100000 : 1 :  0.004%
1110101110001111 : 1 :  0.011%
1110000000000100 : 1 :  0.004%
1010010011111111 : 1 :  0.011%
1111000111001110 : 1 :  0.010%
1011100011100111 : 1 :  0.010%
1101100011100111 : 1 :  0.010%
1110100011100111 : 1 :  0.010%
1111000011100111 : 1 :  0.010%
1111100001100111 : 1 :  0.010%
1111100010100111 : 1 :  0.010%
1111100011000111 : 1 :  0.010%
1111100011100011 : 1 :  0.010%
1111100011100101 : 1 :  0.010%
1111100011100110 : 1 :  0.010%
1001111101100000 : 1 :  0.008%
1000111110110000 : 1 :  0.008%
1100011110110000 : 1 :  0.008%
1100101110110000 : 1 :  0.008%
1100110110110000 : 1 :  0.008%
1100111010110000 : 1 :  0.008%
1100111100110000 : 1 :  0.008%
1100111110010000 : 1 :  0.008%
1100111110100000 : 1 :  0.008%
1100101110000000 : 1 :  0.006%
1000011100000100 : 1 :  0.005%
1000000001011000 : 1 :  0.004%
1000000001101000 : 1 :  0.004%
1000000001110000 : 1 :  0.004%
1000011110101010 : 1 :  0.008%
1000000101000110 : 1 :  0.005%
1010100000000010 : 1 :  0.004%
1000000001010100 : 1 :  0.004%
1000000000100111 : 1 :  0.005%
1001110010000000 : 1 :  0.005%
1000000011100000 : 1 :  0.004%
1011010001000110 : 1 :  0.007%
1000000110000100 : 1 :  0.004%
1110100011110000 : 1 :  0.008%
1011011110000000 : 1 :  0.007%
1010100110000000 : 1 :  0.005%
1011111010000000 : 1 :  0.007%
1000000010110000 : 1 :  0.004%
1000000110100000 : 1 :  0.004%
1100100101000000 : 1 :  0.005%
1010010000010000 : 1 :  0.004%
1010000100000100 : 1 :  0.004%
1000010000100101 : 1 :  0.005%
1001100111111111 : 1 :  0.012%
1000000000111100 : 1 :  0.005%
1000010000100100 : 1 :  0.004%
1111001010111001 : 1 :  0.010%
1100000010101100 : 1 :  0.006%
1101010000000100 : 1 :  0.005%
1011011000011000 : 1 :  0.007%
1001001000000010 : 1 :  0.004%
1111000100011000 : 1 :  0.007%
1000000001111000 : 1 :  0.005%
1010100011111000 : 1 :  0.008%
1110001110111111 : 1 :  0.012%
1010100010000000 : 1 :  0.004%
1101011111110000 : 1 :  0.010%
1011000000001000 : 1 :  0.004%
1000010100111110 : 1 :  0.008%
1011010111100000 : 1 :  0.008%
1000000011000010 : 1 :  0.004%
1000110010001110 : 1 :  0.007%
1000111111111111 : 1 :  0.013%
1100010010010000 : 1 :  0.005%
1000010100110000 : 1 :  0.005%
1010000100000110 : 1 :  0.005%
1011000000000100 : 1 :  0.004%
1000001000111101 : 1 :  0.007%
1001100011110000 : 1 :  0.007%
1101111111111100 : 1 :  0.013%
1000111001000000 : 1 :  0.005%
1010011001000000 : 1 :  0.005%
1010101001000000 : 1 :  0.005%
1010110001000000 : 1 :  0.005%
1111110010000000 : 1 :  0.007%
1010101111111100 : 1 :  0.011%
1010101011101111 : 1 :  0.011%
1110100011100000 : 1 :  0.007%
1001010101000000 : 1 :  0.005%
1111010000100100 : 1 :  0.007%
1001011001100000 : 1 :  0.006%
1000010000010010 : 1 :  0.004%
1010111100000000 : 1 :  0.006%
1001011110000000 : 1 :  0.006%
1100011110000000 : 1 :  0.006%
1101001110000000 : 1 :  0.006%
1101011010000000 : 1 :  0.006%
1101011100000000 : 1 :  0.006%
1000000110001000 : 1 :  0.004%
1000000000001110 : 1 :  0.004%
1100000100001000 : 1 :  0.004%
1100000110000000 : 1 :  0.004%
1101001110001000 : 1 :  0.007%
1000000110010100 : 1 :  0.005%
1001001001001000 : 1 :  0.005%
1100100000001001 : 1 :  0.005%
1001010000100100 : 1 :  0.005%
1110010000100100 : 1 :  0.006%
1000011111111110 : 1 :  0.011%
1111010000000100 : 1 :  0.006%
1001000000100100 : 1 :  0.004%
1111110000100100 : 1 :  0.008%
1011111111111110 : 1 :  0.013%
1010000011000000 : 1 :  0.004%
1111111110100000 : 1 :  0.010%
1000111111111110 : 1 :  0.012%
1101101000000000 : 1 :  0.005%
1001110010000010 : 1 :  0.006%
1000001001000011 : 1 :  0.005%
1110111111011011 : 1 :  0.013%
1011011111101101 : 1 :  0.012%
1101011111101101 : 1 :  0.012%
1110011111101101 : 1 :  0.012%
1111001111101101 : 1 :  0.012%
1111010111101101 : 1 :  0.012%
1111101101111110 : 1 :  0.013%
1111011101101101 : 1 :  0.012%
1111011110101101 : 1 :  0.012%
1111011111001101 : 1 :  0.012%
1111011111100101 : 1 :  0.012%
1111011111101001 : 1 :  0.012%
1111011111101100 : 1 :  0.012%
1001110001000000 : 1 :  0.005%
1100110001000000 : 1 :  0.005%
1100000001110000 : 1 :  0.005%
1100000000100100 : 1 :  0.004%
1101111111000000 : 1 :  0.009%
1010110010000000 : 1 :  0.005%
1001011001000000 : 1 :  0.005%
1100011001000000 : 1 :  0.005%
1001000001010000 : 1 :  0.004%
1101001001000000 : 1 :  0.005%
1101010001000000 : 1 :  0.005%
1010110000100000 : 1 :  0.005%
1001011000010000 : 1 :  0.005%
1100011000010000 : 1 :  0.005%
1101001000010000 : 1 :  0.005%
1101010000010000 : 1 :  0.005%
1011111111101111 : 1 :  0.013%
1101111111101111 : 1 :  0.013%
1110111111101111 : 1 :  0.013%
1111011111101111 : 1 :  0.013%
1111101111101111 : 1 :  0.013%
1111110111101111 : 1 :  0.013%
1111111011101111 : 1 :  0.013%
1111111101101111 : 1 :  0.013%
1111111110101111 : 1 :  0.013%
1111111111001111 : 1 :  0.013%
1111111111100111 : 1 :  0.013%
1111111111101011 : 1 :  0.013%
1111111111101110 : 1 :  0.013%
1111111111111010 : 1 :  0.013%
1011111111111101 : 1 :  0.013%
1101111111111101 : 1 :  0.013%
1110111111111101 : 1 :  0.013%
1111011111111101 : 1 :  0.013%
1111101111111101 : 1 :  0.013%
1111110111111101 : 1 :  0.013%
1111111011111101 : 1 :  0.013%
1111111101111101 : 1 :  0.013%
1111111110111101 : 1 :  0.013%
1111111111011101 : 1 :  0.013%
1111111111110101 : 1 :  0.013%
1111111111111001 : 1 :  0.013%
1110000101010001 : 1 :  0.007%
1010000011100010 : 1 :  0.006%
1011111010001010 : 1 :  0.009%
1010101000100000 : 1 :  0.005%
1000100000100010 : 1 :  0.004%
1000100111100000 : 1 :  0.006%
1011000110000000 : 1 :  0.005%
1100101010000000 : 1 :  0.005%
1010000101000000 : 1 :  0.004%
1101111011111100 : 1 :  0.012%
1110100000010000 : 1 :  0.005%
1111000000111100 : 1 :  0.008%
1010000001110000 : 1 :  0.005%
1010000011010000 : 1 :  0.005%
1010000011100000 : 1 :  0.005%
1011000011000000 : 1 :  0.005%
1001010011100000 : 1 :  0.006%
1010010011100000 : 1 :  0.006%
1011010001100000 : 1 :  0.006%
1011010010100000 : 1 :  0.006%
1011010011000000 : 1 :  0.006%
1011100010100000 : 1 :  0.006%
1110100111100000 : 1 :  0.008%
1110110111000000 : 1 :  0.008%
1100100001100000 : 1 :  0.005%
1000000111100000 : 1 :  0.005%
1111001110000000 : 1 :  0.007%
1110100100111000 : 1 :  0.008%
1000010110100000 : 1 :  0.005%
1100011111100000 : 1 :  0.008%
1000100101100000 : 1 :  0.005%
1000111011100000 : 1 :  0.007%
1101101100000000 : 1 :  0.006%
1110001000100000 : 1 :  0.005%
1000101010011000 : 1 :  0.006%
1101011111111000 : 1 :  0.011%
1000101011000000 : 1 :  0.005%
1101001100100000 : 1 :  0.006%
1000010000010100 : 1 :  0.004%
1110100010000000 : 1 :  0.005%
1111000011110000 : 1 :  0.008%
1111100001000000 : 1 :  0.006%
1011100011000000 : 1 :  0.006%
1110110000000100 : 1 :  0.006%
1101001111111110 : 1 :  0.012%
1111011111000000 : 1 :  0.009%
1111110110000000 : 1 :  0.008%
1100001000010000 : 1 :  0.004%
1011111011000000 : 1 :  0.008%
1111110011000000 : 1 :  0.008%
1101110001000000 : 1 :  0.006%
1100010101100000 : 1 :  0.006%
1010001010110000 : 1 :  0.006%
1100001010110000 : 1 :  0.006%
1110001000110000 : 1 :  0.006%
1110001010010000 : 1 :  0.006%
1110001010100000 : 1 :  0.006%
1101111111111000 : 1 :  0.012%
1010000001100000 : 1 :  0.004%
1101111111111111 : 1 :  0.014%
1111011111111111 : 1 :  0.014%
1111101111111111 : 1 :  0.014%
1111110111111111 : 1 :  0.014%
1111111011111111 : 1 :  0.014%
1111111101111111 : 1 :  0.014%
1111111110111111 : 1 :  0.014%
1111111111011111 : 1 :  0.014%
1111111111110111 : 1 :  0.014%
1111111111111011 : 1 :  0.014%
1100110100000000 : 1 :  0.005%
1101100100000000 : 1 :  0.005%
0110000000000000 : 1 :  0.002%
0000100000000000 : 1 :  0.001%
0001000000000000 : 1 :  0.001%
0000001000000000 : 1 :  0.001%
0000010000000000 : 1 :  0.001%
0000000010000000 : 1 :  0.001%
0000000100000000 : 1 :  0.001%
0000000000100000 : 1 :  0.001%
0000000001000000 : 1 :  0.001%
0000000000001000 : 1 :  0.001%
0000000000010000 : 1 :  0.001%
0000000000000011 : 1 :  0.002%
0000000000000101 : 1 :  0.002%
0000000000000110 : 1 :  0.002%
