Parsing Graph File data/CA-HepTh.txt as an undirected graph...
Renaming vertices is ON
Number of edges: 103942
Number of vertices: 9877
Pattern Matching vector size is:32
Full patterns coverage
Sorted by frequency of patterns (high to low)
Pattern  |  Frequency | NNZ coverage percentage% 
10000000000000000000000000000000 : 21570 :  20.752%
11000000000000000000000000000000 : 1488 :  2.863%
10100000000000000000000000000000 : 674 :  1.297%
11100000000000000000000000000000 : 489 :  1.411%
10010000000000000000000000000000 : 454 :  0.874%
10001000000000000000000000000000 : 294 :  0.566%
10000100000000000000000000000000 : 237 :  0.456%
11110000000000000000000000000000 : 217 :  0.835%
10000010000000000000000000000000 : 181 :  0.348%
10000001000000000000000000000000 : 180 :  0.346%
10110000000000000000000000000000 : 162 :  0.468%
11111000000000000000000000000000 : 128 :  0.616%
11010000000000000000000000000000 : 124 :  0.358%
10000000100000000000000000000000 : 106 :  0.204%
10000000001000000000000000000000 : 103 :  0.198%
10000000010000000000000000000000 : 89 :  0.171%
10000000000000000000010000000000 : 85 :  0.164%
10000000000100000000000000000000 : 85 :  0.164%
10000000000000100000000000000000 : 78 :  0.150%
11111100000000000000000000000000 : 77 :  0.444%
10000000000010000000000000000000 : 70 :  0.135%
10000000000001000000000000000000 : 66 :  0.127%
10000000000000000000100000000000 : 63 :  0.121%
11111110000000000000000000000000 : 60 :  0.404%
10000000000000000100000000000000 : 55 :  0.106%
11001000000000000000000000000000 : 54 :  0.156%
10000000000000000010000000000000 : 50 :  0.096%
10000000000000000000000000001000 : 49 :  0.094%
10000000000000000001000000000000 : 49 :  0.094%
10101000000000000000000000000000 : 47 :  0.136%
10011000000000000000000000000000 : 47 :  0.136%
10000000000000001000000000000000 : 46 :  0.089%
10000000000000010000000000000000 : 45 :  0.087%
10000000000000000000000100000000 : 43 :  0.083%
10000000000000000000000000000001 : 43 :  0.083%
10000000000000000000001000000000 : 43 :  0.083%
10000000000000000000000000000100 : 42 :  0.081%
10000000000000000000000010000000 : 41 :  0.079%
11111111000000000000000000000000 : 38 :  0.292%
10010100000000000000000000000000 : 38 :  0.110%
11011000000000000000000000000000 : 37 :  0.142%
10111000000000000000000000000000 : 37 :  0.142%
10000000000000000000000000010000 : 36 :  0.069%
10000000000000000000000001000000 : 36 :  0.069%
10001100000000000000000000000000 : 36 :  0.104%
10000000000000000000000000000010 : 33 :  0.063%
11101000000000000000000000000000 : 31 :  0.119%
10100100000000000000000000000000 : 30 :  0.087%
11000100000000000000000000000000 : 28 :  0.081%
11111111100000000000000000000000 : 24 :  0.208%
10000000000000000000000000100000 : 24 :  0.046%
10000110000000000000000000000000 : 23 :  0.066%
10111100000000000000000000000000 : 23 :  0.111%
10010010000000000000000000000000 : 22 :  0.063%
10100000100000000000000000000000 : 21 :  0.061%
11111111110000000000000000000000 : 19 :  0.183%
10011100000000000000000000000000 : 17 :  0.065%
10001010000000000000000000000000 : 17 :  0.049%
11111111111000000000000000000000 : 16 :  0.169%
10100010000000000000000000000000 : 16 :  0.046%
10001001000000000000000000000000 : 14 :  0.040%
10000011000000000000000000000000 : 14 :  0.040%
11000000100000000000000000000000 : 14 :  0.040%
11111111111100000000000000000000 : 12 :  0.139%
10000000110000000000000000000000 : 12 :  0.035%
10111110000000000000000000000000 : 12 :  0.069%
11000000010000000000000000000000 : 11 :  0.032%
11000010000000000000000000000000 : 11 :  0.032%
11000001000000000000000000000000 : 11 :  0.032%
10001000100000000000000000000000 : 10 :  0.029%
10001110000000000000000000000000 : 10 :  0.038%
11011100000000000000000000000000 : 10 :  0.048%
11001100000000000000000000000000 : 9 :  0.035%
11111111111111000000000000000000 : 9 :  0.121%
10000000001100000000000000000000 : 9 :  0.026%
10100001000000000000000000000000 : 9 :  0.026%
10010000100000000000000000000000 : 9 :  0.026%
10000100100000000000000000000000 : 9 :  0.026%
11101100000000000000000000000000 : 9 :  0.043%
10000010010000000000000000000000 : 8 :  0.023%
11111111111110000000000000000000 : 8 :  0.100%
10000100000100000000000000000000 : 8 :  0.023%
10000101000000000000000000000000 : 8 :  0.023%
10000001001000000000000000000000 : 8 :  0.023%
11010100000000000000000000000000 : 8 :  0.031%
10000000100010000000000000000000 : 8 :  0.023%
10110100000000000000000000000000 : 8 :  0.031%
10000010100000000000000000000000 : 7 :  0.020%
10001000000001000000000000000000 : 7 :  0.020%
11111111111111111111110000000000 : 7 :  0.148%
10000000101000000000000000000000 : 7 :  0.020%
10001000010000000000000000000000 : 7 :  0.020%
10000000001010000000000000000000 : 7 :  0.020%
10000000010100000000000000000000 : 7 :  0.020%
10000001100000000000000000000000 : 7 :  0.020%
10100000001000000000000000000000 : 7 :  0.020%
10010001000000000000000000000000 : 7 :  0.020%
10101100000000000000000000000000 : 7 :  0.027%
10001011000000000000000000000000 : 7 :  0.027%
11110100000000000000000000000000 : 7 :  0.034%
10001000001000000000000000000000 : 6 :  0.017%
11111111111111100000000000000000 : 6 :  0.087%
11001001000000000000000000000000 : 6 :  0.023%
11111111111111110000000000000000 : 6 :  0.092%
11111111111111111000000000000000 : 6 :  0.098%
10000000010001000000000000000000 : 6 :  0.017%
10000001010000000000000000000000 : 6 :  0.017%
10000000000000000000000000000110 : 6 :  0.017%
11000000000001000000000000000000 : 6 :  0.017%
10101110000000000000000000000000 : 6 :  0.029%
10000000000000011000000000000000 : 6 :  0.017%
10011010000000000000000000000000 : 6 :  0.023%
10000000011000000000000000000000 : 5 :  0.014%
10000000100000000100000000000000 : 5 :  0.014%
10000001000000000000100000000000 : 5 :  0.014%
10000000100000000001000000000000 : 5 :  0.014%
10000000100001000000000000000000 : 5 :  0.014%
10010000000000100000000000000000 : 5 :  0.014%
10000100000000100000000000000000 : 5 :  0.014%
11000000001000000000000000000000 : 5 :  0.014%
10000000100100000000000000000000 : 5 :  0.014%
10100000000100000000000000000000 : 5 :  0.014%
11111111111111111111100000000000 : 5 :  0.101%
10000111000000000000000000000000 : 5 :  0.019%
10000001000010000000000000000000 : 5 :  0.014%
10000000010010000000000000000000 : 5 :  0.014%
10000100000010000000000000000000 : 5 :  0.014%
10101010000000000000000000000000 : 5 :  0.019%
10001101000000000000000000000000 : 5 :  0.019%
10111111000000000000000000000000 : 5 :  0.034%
10100110000000000000000000000000 : 5 :  0.019%
10000100010000000000000000000000 : 5 :  0.014%
11101010000000000000000000000000 : 5 :  0.024%
10011110000000000000000000000000 : 5 :  0.024%
10000000000000010100000000000000 : 5 :  0.014%
11001010000000000000000000000000 : 5 :  0.019%
11010010000000000000000000000000 : 5 :  0.019%
11101110000000000000000000000000 : 5 :  0.029%
11000000000000000000000000000001 : 4 :  0.012%
10001000000000100000000000000000 : 4 :  0.012%
11010001000000000000000000000000 : 4 :  0.015%
10000000000000000000000110000000 : 4 :  0.012%
11000000000100000000000000000000 : 4 :  0.012%
10000001000000010000000000000000 : 4 :  0.012%
10011111100000000000000000000000 : 4 :  0.027%
10000100000000000100000000000000 : 4 :  0.012%
10000000000000000010000100000000 : 4 :  0.012%
10010000000010000000000000000000 : 4 :  0.012%
10000000000000000000001010000000 : 4 :  0.012%
10000010001000000000000000000000 : 4 :  0.012%
10000010000000010000000000000000 : 4 :  0.012%
11000000000010000000000000000000 : 4 :  0.012%
10000000000000000001100000000000 : 4 :  0.012%
10010011000000000000000000000000 : 4 :  0.015%
10000000100000000000010000000000 : 4 :  0.012%
10000000000100100000000000000000 : 4 :  0.012%
10000000001000100000000000000000 : 4 :  0.012%
10000000000000010001000000000000 : 4 :  0.012%
11000000000000000000001000000000 : 4 :  0.012%
10000000000000001001000000000000 : 4 :  0.012%
10000001000000001000000000000000 : 4 :  0.012%
11100100000000000000000000000000 : 4 :  0.015%
10000100001000000000000000000000 : 4 :  0.012%
10000001000000100000000000000000 : 4 :  0.012%
10000001000100000000000000000000 : 4 :  0.012%
10010000000100000000000000000000 : 4 :  0.012%
10100000000001000000000000000000 : 4 :  0.012%
10100000101000000000000000000000 : 4 :  0.015%
10100000000000000000000000100000 : 4 :  0.012%
10110110000000000000000000000000 : 4 :  0.019%
11011111000000000000000000000000 : 4 :  0.027%
11101111000000000000000000000000 : 4 :  0.027%
10001001100000000000000000000000 : 4 :  0.015%
11000110000000000000000000000000 : 4 :  0.015%
10111111100000000000000000000000 : 4 :  0.031%
11000000000000010000000000000000 : 3 :  0.009%
10000000000001100000000000000000 : 3 :  0.009%
10100000000000000000000001000000 : 3 :  0.009%
10010000000000000000000001000000 : 3 :  0.009%
10001000000000010000000000000000 : 3 :  0.009%
10010000010000000000000000000000 : 3 :  0.009%
10000000000000100001000000000000 : 3 :  0.009%
10100000000000000000000000001000 : 3 :  0.009%
10000000000000000000000010000100 : 3 :  0.009%
10000000000100000000100000000000 : 3 :  0.009%
10000000010000100000000000000000 : 3 :  0.009%
10000000001000000001000000000000 : 3 :  0.009%
11111001000000000000000000000000 : 3 :  0.017%
10011111000000000000000000000000 : 3 :  0.017%
10010111000000000000000000000000 : 3 :  0.014%
11011111111000000000000000000000 : 3 :  0.029%
10010001100000000000000000000000 : 3 :  0.012%
10000000000000000000011000000000 : 3 :  0.009%
10000000000000010000100000000000 : 3 :  0.009%
10000000001001000000000000000000 : 3 :  0.009%
10000011100000000000000000000000 : 3 :  0.012%
10000000000000100100000000000000 : 3 :  0.009%
10000010000000000010000000000000 : 3 :  0.009%
10100010001000000000000000000000 : 3 :  0.012%
10000000000000000000110000000000 : 3 :  0.009%
10100000000000000001000000000000 : 3 :  0.009%
10000000000000000000000001001000 : 3 :  0.009%
10100100000010000000000000000000 : 3 :  0.012%
10000000000000000000000000010100 : 3 :  0.009%
10100000000000000000000100000000 : 3 :  0.009%
10011011000000000000000000000000 : 3 :  0.014%
10000100000000010000000000000000 : 3 :  0.009%
10000000100000100000000000000000 : 3 :  0.009%
10100000000000000000100000000000 : 3 :  0.009%
10000000000001000001000000000000 : 3 :  0.009%
10011101000000000000000000000000 : 3 :  0.014%
10000000000000000000000000000011 : 3 :  0.009%
10000100000000000010000000000000 : 3 :  0.009%
10110010000000000000000000000000 : 3 :  0.012%
10110001000000000000000000000000 : 3 :  0.012%
10000000000111000000000000000000 : 3 :  0.012%
10000000001000000000000000000001 : 3 :  0.009%
10000000001000000100000000000000 : 3 :  0.009%
10001111000000000000000000000000 : 3 :  0.014%
10000000010000000001000000000000 : 3 :  0.009%
10000000001000000010000000000000 : 3 :  0.009%
10000000000000100000100000000000 : 3 :  0.009%
10010000000000000000000100000000 : 3 :  0.009%
10111010000000000000000000000000 : 3 :  0.014%
10000100000001000000000000000000 : 3 :  0.009%
10000010000000000100000000000000 : 3 :  0.009%
11111111111111111111111000000000 : 3 :  0.066%
10000000000000000101000000000000 : 3 :  0.009%
11000011000000000000000000000000 : 3 :  0.012%
10110000000100000000000000000000 : 3 :  0.012%
10011001000000000000000000000000 : 3 :  0.012%
10000000001110000000000000000000 : 3 :  0.012%
10010000001000000000000000000000 : 3 :  0.009%
10101001000000000000000000000000 : 3 :  0.012%
10001100010000000000000000000000 : 3 :  0.012%
11110111100000000000000000000000 : 3 :  0.023%
11010110000000000000000000000000 : 3 :  0.014%
11001110000000000000000000000000 : 3 :  0.014%
11011110000000000000000000000000 : 3 :  0.017%
11110110000000000000000000000000 : 3 :  0.017%
11101111100000000000000000000000 : 3 :  0.023%
11000000000000000000000100000000 : 2 :  0.006%
11111111111111111110000000000000 : 2 :  0.037%
10000000000000000000001100000000 : 2 :  0.006%
10100000000000010000000000000000 : 2 :  0.006%
10000000000000000000000000101000 : 2 :  0.006%
10000000000011000000000000000000 : 2 :  0.006%
10000011111111110000000000000000 : 2 :  0.021%
10000000000100000000000000000001 : 2 :  0.006%
10000010101100000000000000000000 : 2 :  0.010%
10001111111111000000000000000000 : 2 :  0.021%
10011111111111000000000000000000 : 2 :  0.023%
11111111111111111111000000000000 : 2 :  0.038%
10010000110000000000000000000000 : 2 :  0.008%
10000000000000000000000000010011 : 2 :  0.008%
10000000100000000010000000000000 : 2 :  0.006%
10000000000000000001100100001000 : 2 :  0.010%
10000000000000000000000100010000 : 2 :  0.006%
10000000000000000010000001000000 : 2 :  0.006%
11111111111111111111111111111111 : 2 :  0.062%
11010000010000000000000000000000 : 2 :  0.008%
10001010100000010000000000000000 : 2 :  0.010%
10000000100000000000100000000000 : 2 :  0.006%
10000000010000000100100000000000 : 2 :  0.008%
10000000000010000100000000000000 : 2 :  0.006%
10000000001000001000000000000000 : 2 :  0.006%
10010000000000000100000000000000 : 2 :  0.006%
10000000000100000001000000000000 : 2 :  0.006%
10000111111110000000000000000000 : 2 :  0.017%
10000000000000000000000011000000 : 2 :  0.006%
10010000010010000000000000000000 : 2 :  0.008%
10000000000000000000001001000000 : 2 :  0.006%
11000000000000001000000000000000 : 2 :  0.006%
11100000100000000000000000000000 : 2 :  0.008%
10000100000000000000100000000000 : 2 :  0.006%
10000000000100000000000000000100 : 2 :  0.006%
10111111110000000000000000000000 : 2 :  0.017%
10000100000000000000000010000000 : 2 :  0.006%
10000001000000000001000000000000 : 2 :  0.006%
10000000000000000000000001010000 : 2 :  0.006%
10010100000100000000000000000000 : 2 :  0.008%
10000100000000000000000000000001 : 2 :  0.006%
10000000000000000000100000010000 : 2 :  0.006%
10111111111111000000000000000000 : 2 :  0.025%
10010100000010000000000000000000 : 2 :  0.008%
10010001000010000000000000000000 : 2 :  0.008%
10000000000000000100000000100000 : 2 :  0.006%
10001000010001001000000000000000 : 2 :  0.010%
11000000100100000000000000000000 : 2 :  0.008%
10010001111110000000000000000000 : 2 :  0.015%
10000000000001000000000000100000 : 2 :  0.006%
11111011100000000000000000000000 : 2 :  0.015%
10000000000000000111000000000000 : 2 :  0.008%
10000000000000000000000001111111 : 2 :  0.015%
10000000000000000000000010000010 : 2 :  0.006%
10000000000000110000000000000000 : 2 :  0.006%
10000100010100000000000000000000 : 2 :  0.008%
10000101000100000000000000000000 : 2 :  0.008%
10000001111111111100000000000000 : 2 :  0.023%
10000101010000000000000000000000 : 2 :  0.008%
10000000000100000010000000000000 : 2 :  0.006%
10101000001000000000000000000000 : 2 :  0.008%
10000000000000000000000000001001 : 2 :  0.006%
10000101000000010000000000000000 : 2 :  0.008%
11100010000000000000000000000000 : 2 :  0.008%
10010000000000000000000000010000 : 2 :  0.006%
10000000010000000100000000000000 : 2 :  0.006%
10000000000000000000000000100001 : 2 :  0.006%
10000000000000001100000000000000 : 2 :  0.006%
10000001001100000000000000000000 : 2 :  0.008%
10000000000010001000000000000000 : 2 :  0.006%
11100101000000000000000000000000 : 2 :  0.010%
10000000000000000000000100000100 : 2 :  0.006%
10000000000000000000010001000000 : 2 :  0.006%
10001000000000000000000000001000 : 2 :  0.006%
10001000000000000000000010000000 : 2 :  0.006%
10000000000010000000100000000000 : 2 :  0.006%
10100000010001000000000000000000 : 2 :  0.008%
10001111111111111100000000000000 : 2 :  0.029%
11000000000000000000000000010000 : 2 :  0.006%
10000000000000000000000000000111 : 2 :  0.008%
11111111111111111111111111111000 : 2 :  0.056%
10000000000001001000000000000000 : 2 :  0.006%
10000000000000000010000000000100 : 2 :  0.006%
10000000000101000000000000000000 : 2 :  0.006%
10000000010011000000000000000000 : 2 :  0.008%
10100000001100000000000000000000 : 2 :  0.008%
10000000000000000000000000011100 : 2 :  0.008%
10100000000010000000000000000000 : 2 :  0.006%
11111111111011111111111111111101 : 2 :  0.058%
10000000000000100000000001010000 : 2 :  0.008%
10000000000001010000000000000000 : 2 :  0.006%
10000000010000000000000000000001 : 2 :  0.006%
10100000000000001000000000000000 : 2 :  0.006%
10000010000100000000000000000000 : 2 :  0.006%
10011111111000000000000000000000 : 2 :  0.017%
10000000000000000110000000000000 : 2 :  0.006%
10111111111100000000000000000000 : 2 :  0.021%
10000000000010100000000000000000 : 2 :  0.006%
10010000100100000000000000000000 : 2 :  0.008%
11000011111110000000000000000000 : 2 :  0.017%
10100101000100000000000000000000 : 2 :  0.010%
10010001111000000000000000000000 : 2 :  0.012%
10010100001011100000000000000000 : 2 :  0.013%
10000111100000000000000000000000 : 2 :  0.010%
10110000010000000000000000000000 : 2 :  0.008%
10100000010000000000000000000000 : 2 :  0.006%
10000000000101010000000000000000 : 2 :  0.008%
10000001100100000000000000000000 : 2 :  0.008%
11010110010000000000000000000000 : 2 :  0.012%
10110000100000000000000000000000 : 2 :  0.008%
11000000000000000000000010000000 : 2 :  0.006%
11000010110000000000000000000000 : 2 :  0.010%
11010000001000000000000000000000 : 2 :  0.008%
10011000010000000000000000000000 : 2 :  0.008%
10010110000000000000000000000000 : 2 :  0.008%
10010101000000000000000000000000 : 2 :  0.008%
11010101100000000000000000000000 : 2 :  0.012%
11000111000000000000000000000000 : 2 :  0.010%
11010000000000100000000000000000 : 2 :  0.008%
11011000010000000000000000000000 : 2 :  0.010%
10100010100000000000000000000000 : 2 :  0.008%
10011000100000000000000000000000 : 2 :  0.008%
10100000000000000000000000010000 : 2 :  0.006%
10000010000000011000000000000000 : 2 :  0.008%
11100000101100000000000000000000 : 2 :  0.012%
10110000111000000000000000000000 : 2 :  0.012%
11010101000000000000000000000000 : 2 :  0.010%
11100110000000000000000000000000 : 2 :  0.010%
11000101000000000000000000000000 : 2 :  0.008%
11111010000000000000000000000000 : 2 :  0.012%
11011111100000000000000000000000 : 2 :  0.015%
11111110100000000000000000000000 : 2 :  0.015%
10011111111111111111111111111111 : 1 :  0.029%
10001000100000000000000000101000 : 1 :  0.005%
10000010000000000000010000010000 : 1 :  0.004%
10010000000000010100000101111111 : 1 :  0.012%
11111111111111111111111110000000 : 1 :  0.024%
11000001000000000000000000010000 : 1 :  0.004%
10001010100000000000010000001000 : 1 :  0.006%
10000000000010001000000000001010 : 1 :  0.005%
11010000000000000000000100010011 : 1 :  0.007%
10000000000000000001000010000000 : 1 :  0.003%
10001010000001000000000000000000 : 1 :  0.004%
10000000000000100111111111111111 : 1 :  0.016%
10000000000001110000010000000000 : 1 :  0.005%
10000000000000010000010000000000 : 1 :  0.003%
10000000000000100000000000000100 : 1 :  0.003%
10000010000000001000000000001010 : 1 :  0.005%
10100000000100000000000000001000 : 1 :  0.004%
10001110010010000000000000000000 : 1 :  0.006%
10000001101000100000000000000000 : 1 :  0.005%
10000000110000110000010100000100 : 1 :  0.008%
11100000000000000000000000000010 : 1 :  0.004%
10000000101010000000000000000000 : 1 :  0.004%
10100000110101000000010000000000 : 1 :  0.007%
10100000000000101000000000001000 : 1 :  0.005%
10001001000000000100000000000000 : 1 :  0.004%
10001000000001001000000000000000 : 1 :  0.004%
10000000101001000000000100000001 : 1 :  0.006%
10100000000000000000100001100000 : 1 :  0.005%
10000010000010000000000001001010 : 1 :  0.006%
10000000000000010010000000010000 : 1 :  0.004%
10000010000000000000000000000001 : 1 :  0.003%
11100010010000000000000000000000 : 1 :  0.005%
10010000010000000100110000000000 : 1 :  0.006%
10000100101001100000000000100000 : 1 :  0.007%
10000001000001010000000001000101 : 1 :  0.007%
11000000000000000001000000000000 : 1 :  0.003%
10000000000000010000000000000100 : 1 :  0.003%
10100100001000100000100000000000 : 1 :  0.006%
10001010000000000100100010000000 : 1 :  0.006%
11000000000000001101000100000010 : 1 :  0.007%
11000000000000000001000100000010 : 1 :  0.005%
10000000000000000000000001001011 : 1 :  0.005%
10001010000000000000100000000000 : 1 :  0.004%
10000000000000000000010000000100 : 1 :  0.003%
10000010000000001000000000000000 : 1 :  0.003%
10010000000010000000000101000000 : 1 :  0.005%
10000010000010001000000000000000 : 1 :  0.004%
10000000000101000000100100100000 : 1 :  0.006%
10100100000000000000010000000000 : 1 :  0.004%
10000000100000010100001101100000 : 1 :  0.008%
10000011000010001000000001000000 : 1 :  0.006%
10000100011111111111111111111111 : 1 :  0.024%
10000001000000010000000100000000 : 1 :  0.004%
11000100000000000000000001100000 : 1 :  0.005%
10000000010000010001100000000001 : 1 :  0.006%
10000100000000000000000000000100 : 1 :  0.003%
10000000000000010100000000100100 : 1 :  0.005%
11010001000000010100000101000101 : 1 :  0.010%
10000011000000000001000000100000 : 1 :  0.005%
10000000100000000000000000010000 : 1 :  0.003%
10000000000000000001000000000010 : 1 :  0.003%
10100000000000000011111111111111 : 1 :  0.015%
10010000000000000010000101000001 : 1 :  0.006%
10000000000101100000010000000100 : 1 :  0.006%
10000000000000000000000010010000 : 1 :  0.003%
10000000000100000000000110000000 : 1 :  0.004%
10000100101001100000010000100000 : 1 :  0.008%
10000000000000001001000000000001 : 1 :  0.004%
10000011000010100000000000000000 : 1 :  0.005%
10000000000000000000010100000010 : 1 :  0.004%
10000000000000010000100110000000 : 1 :  0.005%
10010010000010000000011111111111 : 1 :  0.014%
10000000000000001010001100110000 : 1 :  0.007%
10000010011101010000000100000010 : 1 :  0.009%
10000000000001010000100000000100 : 1 :  0.005%
10100001010000010000000100000000 : 1 :  0.006%
10001000000000010000010000000000 : 1 :  0.004%
10000000000001000100001000000000 : 1 :  0.004%
10001101111111110000000000000000 : 1 :  0.012%
10010000000001000000000000000000 : 1 :  0.003%
10000000000001000000001000010000 : 1 :  0.004%
10000010100000011100100010001010 : 1 :  0.010%
10001010011101011000000000000000 : 1 :  0.009%
10000000000010100000000010000000 : 1 :  0.004%
10000000000001010000000001000000 : 1 :  0.004%
10000100101001001010100000000000 : 1 :  0.008%
10000100001010000000010000000000 : 1 :  0.005%
10010000000100100100000000000000 : 1 :  0.005%
10000010010000000000000100000010 : 1 :  0.005%
10000000000000000000010000000010 : 1 :  0.003%
10000000000000000000000000011111 : 1 :  0.006%
10000000101000000011000000000000 : 1 :  0.005%
10000000100100000001010000000001 : 1 :  0.006%
10000100000111001000010000100000 : 1 :  0.008%
10001000010000000000000100000000 : 1 :  0.004%
10111010000010010000000000110000 : 1 :  0.009%
10010000100101000000100000110000 : 1 :  0.008%
10000001000100000010001000000000 : 1 :  0.005%
10001000000000000000000000000001 : 1 :  0.003%
10000000000000000001010001000000 : 1 :  0.004%
10000000000000000111111111111111 : 1 :  0.015%
10100010000000100000000000000110 : 1 :  0.006%
10000000000001001000000100001000 : 1 :  0.005%
10000000000000000000000000010111 : 1 :  0.005%
10000000010000000000010000000000 : 1 :  0.003%
10000000011111111111111111111111 : 1 :  0.023%
10000001001000000000000000001100 : 1 :  0.005%
10010000000000100100000000000000 : 1 :  0.004%
10000000000001010000110000000000 : 1 :  0.005%
10000000000100010000110000000000 : 1 :  0.005%
10000001001000100000000000000000 : 1 :  0.004%
10000000000101000000110000000000 : 1 :  0.005%
10000000100000000000001000000000 : 1 :  0.003%
10000000001000000010000000001000 : 1 :  0.004%
10000000000101010000010000000000 : 1 :  0.005%
10000001000101010000100000000000 : 1 :  0.006%
10000000001100100100000000000000 : 1 :  0.005%
10110001110000000000000000000000 : 1 :  0.006%
10110001001000000000000000000000 : 1 :  0.005%
10101000110000000000000000000000 : 1 :  0.005%
10101111111111111111100000000000 : 1 :  0.018%
11110101010000000000000000000000 : 1 :  0.007%
10000000000000000011000000000000 : 1 :  0.003%
10011100000000000110000000000000 : 1 :  0.006%
11000000010000000100110000000000 : 1 :  0.006%
11000000100000000010000000000000 : 1 :  0.004%
10001010000010000000000000000000 : 1 :  0.004%
10110001000000100100100000000000 : 1 :  0.007%
10000000000011001001100000000000 : 1 :  0.006%
10000000001000001000100000000000 : 1 :  0.004%
10110000000000000000000000000001 : 1 :  0.004%
10000000001001000001100000000000 : 1 :  0.005%
10000000000000000000100000000001 : 1 :  0.003%
11010001010000100000110001101001 : 1 :  0.012%
10000000000000111000000000000000 : 1 :  0.004%
10000010000000000000100000000001 : 1 :  0.004%
10010011011001111100000111111111 : 1 :  0.019%
10001000000000000000000000001100 : 1 :  0.004%
10011000000000000000000010000000 : 1 :  0.004%
10010000000000000000000010000100 : 1 :  0.004%
10000000000000000000000001100000 : 1 :  0.003%
10000000000000000000100000001000 : 1 :  0.003%
10010010000000000111000000000000 : 1 :  0.006%
11001100000111000000000000000000 : 1 :  0.007%
10010000000000000000000000100000 : 1 :  0.003%
10010000010010000000000000001100 : 1 :  0.006%
10000000000010010010001000000000 : 1 :  0.005%
10000000000000100000000000000010 : 1 :  0.003%
10100100010000000000000010100000 : 1 :  0.006%
10000000000000101000000000001000 : 1 :  0.004%
10000000000000001000110000000000 : 1 :  0.004%
10000010000000100000000100000000 : 1 :  0.004%
10000100100010000000000000000000 : 1 :  0.004%
10100000100010000000000000000000 : 1 :  0.004%
10000000010000000000000010000000 : 1 :  0.003%
10010001000000000010010010000000 : 1 :  0.006%
10000000000001000000000101011010 : 1 :  0.007%
10001000000001010000000000000100 : 1 :  0.005%
10011111111111111110000000000000 : 1 :  0.016%
10000000001010011010000000000000 : 1 :  0.006%
10000000000000000000000000011101 : 1 :  0.005%
10000000000000100000001000000000 : 1 :  0.003%
10100000000000000000000000000100 : 1 :  0.003%
10000000011111111000000000000000 : 1 :  0.009%
10000000100000001000000000010000 : 1 :  0.004%
10100010000000000000000000000010 : 1 :  0.004%
10000000001100000000000010000000 : 1 :  0.004%
10000000000001000000000001000000 : 1 :  0.003%
10010000000000000000000000000100 : 1 :  0.003%
10100010000001000000000000000010 : 1 :  0.005%
10000000000000000000000000000101 : 1 :  0.003%
10000011000000000000000000000010 : 1 :  0.004%
10000010000000000000000000010000 : 1 :  0.003%
10000000000000000000000000100100 : 1 :  0.003%
10100000100000000000000000000110 : 1 :  0.005%
11000000000100001000000000000000 : 1 :  0.004%
11000000000100000000000000010000 : 1 :  0.004%
10010100000000100000000000000000 : 1 :  0.004%
10000000000000001000000010100000 : 1 :  0.004%
10000000000000000100000000001000 : 1 :  0.003%
10100010000000000000000010100010 : 1 :  0.006%
11000000000010000000001000000000 : 1 :  0.004%
10000101000000100001000000000000 : 1 :  0.005%
10100000100111111000000000000000 : 1 :  0.009%
10000000000000010001100000000000 : 1 :  0.004%
10000111111000000000000000000000 : 1 :  0.007%
10000000000100000000000011111111 : 1 :  0.010%
10000000011001000000000000000000 : 1 :  0.004%
10000011111100000000000000000000 : 1 :  0.007%
10000000000010100000001000100010 : 1 :  0.006%
10000000000000000000000000001010 : 1 :  0.003%
10000000100000010100000000001000 : 1 :  0.005%
10000000000000001000000000001000 : 1 :  0.003%
10000000000010000000001000000000 : 1 :  0.003%
11000000000100001000000000000010 : 1 :  0.005%
10000000001000000000000100000000 : 1 :  0.003%
10010000000000000000000000111000 : 1 :  0.005%
10100000000000000000000000000010 : 1 :  0.003%
10000000001000000000001000000000 : 1 :  0.003%
10000000000000010000000010000010 : 1 :  0.004%
11000000000000000001000100000000 : 1 :  0.004%
10000010000000000000000001010000 : 1 :  0.004%
10000000000011000000001101000001 : 1 :  0.007%
10100001000000000000000000001000 : 1 :  0.004%
10000001111111111110000000000000 : 1 :  0.013%
10001100000100000000000000000000 : 1 :  0.004%
10011000000100000000000000000000 : 1 :  0.004%
10000011100001000000000000000000 : 1 :  0.005%
10000001000100000000000010000000 : 1 :  0.004%
10000000000000000010110000000000 : 1 :  0.004%
10000101111111111111111111100000 : 1 :  0.021%
10000000000001001000001000000000 : 1 :  0.004%
10100010000000000000000000010000 : 1 :  0.004%
10010001000000000000000011011111 : 1 :  0.010%
10000000010000000000000010000100 : 1 :  0.004%
10000000000010000000000100000000 : 1 :  0.003%
10000000001000000000000000010000 : 1 :  0.003%
11001001000000000001000000000000 : 1 :  0.005%
10000000000000001000100000000000 : 1 :  0.003%
10000000000000000010000000000001 : 1 :  0.003%
10000010000011000000000000000000 : 1 :  0.004%
10000001011001011011000000000000 : 1 :  0.009%
10000000000000000000000010010100 : 1 :  0.004%
10000000000000000000001000001100 : 1 :  0.004%
10000000000000000000001000010000 : 1 :  0.003%
10000000000111111111111100000000 : 1 :  0.013%
10001000100011100000000000000000 : 1 :  0.006%
10000000000000000000000010100000 : 1 :  0.003%
10010000000000000011000010000000 : 1 :  0.005%
10000000000110000001110000000000 : 1 :  0.006%
10110001000000111111111110000000 : 1 :  0.014%
10000001000110000000000000000000 : 1 :  0.004%
10000000000000010010000011110000 : 1 :  0.007%
10010001000100000000000000000000 : 1 :  0.004%
10000000000000011111111111111111 : 1 :  0.017%
10000000000010010000010000000000 : 1 :  0.004%
10000000000000010100000000000011 : 1 :  0.005%
10000000000000001000000010000000 : 1 :  0.003%
10100010000000100100000000000000 : 1 :  0.005%
10000000110001001000000000000000 : 1 :  0.005%
10001000100001001000000000000000 : 1 :  0.005%
10000000000000110000000000000100 : 1 :  0.004%
10001000110000001000000000000000 : 1 :  0.005%
10001000110001000000000000000000 : 1 :  0.005%
10000000010001100000000000000000 : 1 :  0.004%
10000000000000100000000010100000 : 1 :  0.004%
11000000001000000001000010000000 : 1 :  0.005%
10001000000000000000000000100000 : 1 :  0.003%
10000000000000000000001000000001 : 1 :  0.003%
10000100000000000000000100000000 : 1 :  0.003%
10000010000100000000000000000010 : 1 :  0.004%
10000000010000000000000000001000 : 1 :  0.003%
10000010000000000000010000100000 : 1 :  0.004%
10000001000000000000110101000000 : 1 :  0.006%
10010000000000000000100000000000 : 1 :  0.003%
11000000000110010010000100000000 : 1 :  0.007%
10100000011111000000000000000000 : 1 :  0.007%
10100000000000000110000000000000 : 1 :  0.004%
10000001000000010001000000000000 : 1 :  0.004%
10000000000000000000100010000001 : 1 :  0.004%
10000100000000000000001000000000 : 1 :  0.003%
10001100000000010000000000000000 : 1 :  0.004%
10000000100000001001100000000000 : 1 :  0.005%
10001001000000000001000000000000 : 1 :  0.004%
10000000000000001000010000000000 : 1 :  0.003%
10000000010000010000000000000000 : 1 :  0.003%
10000000000010001111111100000000 : 1 :  0.010%
11000000011111100000000000000000 : 1 :  0.008%
10010000111111111111111111111000 : 1 :  0.022%
10000010000000000000000011111111 : 1 :  0.010%
10000000000010101000000000000000 : 1 :  0.004%
10000000001001011000000000000000 : 1 :  0.005%
10101000110100000000000000000000 : 1 :  0.006%
10000000001100000100000000000000 : 1 :  0.004%
10000001000000000000001100100000 : 1 :  0.005%
10111110011000000000000000001111 : 1 :  0.012%
10000000000000101001000000001000 : 1 :  0.005%
10000000000000100000010100000000 : 1 :  0.004%
10000000000000110001000000000000 : 1 :  0.004%
10000000000001000000000000001000 : 1 :  0.003%
10000000000001111000000000000010 : 1 :  0.006%
10001110001000010000000000000000 : 1 :  0.006%
10000000100000000000000100000000 : 1 :  0.003%
10100001000111111000000000000000 : 1 :  0.009%
10101000001000010000000000000000 : 1 :  0.005%
10010010000100010000000000000000 : 1 :  0.005%
10110000010000000000000001000000 : 1 :  0.005%
10000000000000001000000000000100 : 1 :  0.003%
11000000011110000000000000000000 : 1 :  0.006%
10000000100100001110000000100100 : 1 :  0.008%
10000000000000000000010000000011 : 1 :  0.004%
10000100000100000000000000001000 : 1 :  0.004%
10001000000000000000000000000010 : 1 :  0.003%
10100010000000100000000000000000 : 1 :  0.004%
10000000000010000000000001010000 : 1 :  0.004%
10000000000000000000000000110010 : 1 :  0.004%
10000110011000100000011011001011 : 1 :  0.013%
11000000000000000000000000001000 : 1 :  0.003%
11010000000000100000000000001000 : 1 :  0.005%
10100000000000010000000000001000 : 1 :  0.004%
10000000000000011001000000000000 : 1 :  0.004%
11000100000000000000000000001000 : 1 :  0.004%
11000000000000000000000001000000 : 1 :  0.003%
10000010100100001000000000000000 : 1 :  0.005%
10001000000000001100000000000000 : 1 :  0.004%
11000010010000000001001000000000 : 1 :  0.006%
10100000000110000000000000000000 : 1 :  0.004%
11111111111111111111111100000000 : 1 :  0.023%
10000000111111111111111110000000 : 1 :  0.017%
10011000000010000000000000000000 : 1 :  0.004%
10010000000000010000010000000000 : 1 :  0.004%
10000000000000000010010100000101 : 1 :  0.006%
10000000000000010010010100000000 : 1 :  0.005%
10010001000000010110000000000000 : 1 :  0.006%
10000000001000010000001000000000 : 1 :  0.004%
10000100100000100000001000000000 : 1 :  0.005%
10000100100000000000000101111111 : 1 :  0.011%
10000001010100000000000000000000 : 1 :  0.004%
11010010100000101000000000000000 : 1 :  0.007%
10000000000000000010001000100000 : 1 :  0.004%
10000011110000000000000000000000 : 1 :  0.005%
10001000000000000110001000000000 : 1 :  0.005%
10000100010000100000000010000001 : 1 :  0.006%
10000000000000100000000001000000 : 1 :  0.003%
10000001001000001000010000000000 : 1 :  0.005%
10100000000000010001000001000010 : 1 :  0.006%
11001010000011111111110000000000 : 1 :  0.013%
10011000101000000000000000000000 : 1 :  0.005%
10110000101000000000000000000000 : 1 :  0.005%
10000000000100001010110000000000 : 1 :  0.006%
10111010100000000000000000000000 : 1 :  0.006%
10000000000000000000000110001000 : 1 :  0.004%
10000000001010100010011111100000 : 1 :  0.011%
10001010100000000100000000000000 : 1 :  0.005%
10010010100000000100000000000000 : 1 :  0.005%
10000000000000000000100100010000 : 1 :  0.004%
10000100010111001000000000000000 : 1 :  0.007%
11100001101100000000000000000000 : 1 :  0.007%
10011000100000000100000000000000 : 1 :  0.005%
10010000010111001000000000000000 : 1 :  0.007%
10000000000000000000000111111111 : 1 :  0.010%
10011010000000000100000000000000 : 1 :  0.005%
10111000100100100001000000100000 : 1 :  0.009%
10010100010110000000000000000000 : 1 :  0.006%
10011010100000000010000000000000 : 1 :  0.006%
10000000000000011111111111110000 : 1 :  0.013%
10000101000000000100000000000000 : 1 :  0.004%
10000010000000000000010010000000 : 1 :  0.004%
10000101010100000000000010010000 : 1 :  0.007%
11001010000000000001000000000000 : 1 :  0.005%
10001101100000000000000000000000 : 1 :  0.005%
10000001000000100000000000100000 : 1 :  0.004%
11000100001000000000000000000000 : 1 :  0.004%
10010000000000000000000000000110 : 1 :  0.004%
10000000000000000000000001100010 : 1 :  0.004%
10001000101000010010000000000000 : 1 :  0.006%
11000001000100100010000000000000 : 1 :  0.006%
10111101100100000000000000000000 : 1 :  0.008%
10000100000000100000100000000000 : 1 :  0.004%
11000000010010000000000000000000 : 1 :  0.004%
10010000000000100000100000000000 : 1 :  0.004%
10100000001001000100000000000000 : 1 :  0.005%
10000000110000010100010111111111 : 1 :  0.014%
10000001010100010101010000000000 : 1 :  0.008%
11001001100000110100111000000000 : 1 :  0.011%
10100010000001000000000000000000 : 1 :  0.004%
10010100010000000000100000000000 : 1 :  0.005%
10000001110000000000010000000000 : 1 :  0.005%
10100011110000000001011000000000 : 1 :  0.009%
10000000100000000110010000000000 : 1 :  0.005%
10010100010000100000000000000000 : 1 :  0.005%
10000001110100010101000000000000 : 1 :  0.008%
10000000000000000111100000100000 : 1 :  0.006%
10000000000000001011100000100000 : 1 :  0.006%
10000000000000001101100000100000 : 1 :  0.006%
10000000000000001110100000100000 : 1 :  0.006%
10000000000000001111000000100000 : 1 :  0.006%
10000000000000001111100000000000 : 1 :  0.006%
10010010011111000000000000000000 : 1 :  0.008%
10000000010001001000010000000000 : 1 :  0.005%
10000010000000000100000100000000 : 1 :  0.004%
10100100000000000000100000000000 : 1 :  0.004%
10011111110000000000000000000000 : 1 :  0.008%
10000000000011111111111110000000 : 1 :  0.013%
10100000000000000000000010000000 : 1 :  0.003%
10010001100000000000000000010000 : 1 :  0.005%
10001001001110000000000000000000 : 1 :  0.006%
10000000000000000000000000001110 : 1 :  0.004%
10110000000001100000000000000000 : 1 :  0.005%
10000000000100001000000000000010 : 1 :  0.004%
10001001000110000000000000000000 : 1 :  0.005%
10000001001010000000000000000000 : 1 :  0.004%
11101111111111111111111111110000 : 1 :  0.026%
11010000001010100000001000001111 : 1 :  0.011%
10110000000000000000010100000000 : 1 :  0.005%
10000000100011101000001010000001 : 1 :  0.009%
10000000001010000000010000000000 : 1 :  0.004%
11000000010100000000000000000000 : 1 :  0.004%
10001000000001000000001000000000 : 1 :  0.004%
11000001000100000000000000000000 : 1 :  0.004%
11000001010000000000000000010100 : 1 :  0.006%
10011100000000011000011110000000 : 1 :  0.010%
10010000010000000000010000000000 : 1 :  0.004%
10011000000010010000001010000000 : 1 :  0.007%
10100000000000000010000000000000 : 1 :  0.003%
10001000100010001000000010000000 : 1 :  0.006%
10000000000000000000000000110000 : 1 :  0.003%
10001000000010001000001000000000 : 1 :  0.005%
10001001000000000000000011111111 : 1 :  0.011%
10000000000010110000000000000000 : 1 :  0.004%
11101100000000000000110000000000 : 1 :  0.007%
10000000000000001111111111111000 : 1 :  0.013%
11000111111111111111111000000000 : 1 :  0.019%
10010000000100000000100000000000 : 1 :  0.004%
10000000010100001100000000000000 : 1 :  0.005%
10000000100100001100000000000000 : 1 :  0.005%
10000000110000001100000000000000 : 1 :  0.005%
10000000110100000100000000000000 : 1 :  0.005%
10101111100000000000000000000000 : 1 :  0.007%
10000000110100001000000000000000 : 1 :  0.005%
10000001000000001101000000000000 : 1 :  0.005%
11000000000000001111110000000000 : 1 :  0.008%
10000001110000000000000000000000 : 1 :  0.004%
10000000000000000011101010101100 : 1 :  0.009%
11000000000010100100000000000000 : 1 :  0.005%
10000001000010000000001000000000 : 1 :  0.004%
10000000000010000101000000000000 : 1 :  0.004%
10000000000010000000000010000001 : 1 :  0.004%
10000000000000011100000000001000 : 1 :  0.005%
10000000000000000000000001000100 : 1 :  0.003%
10010000000000000000000000000010 : 1 :  0.003%
10100100001000000000000010000000 : 1 :  0.005%
10000001000000000011000000000000 : 1 :  0.004%
10001000000000000000000101000000 : 1 :  0.004%
10000010000000000000000000000011 : 1 :  0.004%
10000000011000000000000000010000 : 1 :  0.004%
10010000000000000000011000000000 : 1 :  0.004%
10000100000000010100000000000000 : 1 :  0.004%
10000000000000001000000000000001 : 1 :  0.003%
10000000000000100010000010000101 : 1 :  0.006%
10000000001000000000000000100000 : 1 :  0.003%
10000001000000000101010000000000 : 1 :  0.005%
10100000000000000000000010100000 : 1 :  0.004%
10010011101000000000000000000000 : 1 :  0.006%
10000001000000001100000000000000 : 1 :  0.004%
10000000000000001101000000100000 : 1 :  0.005%
11011000000010000000000000000000 : 1 :  0.005%
10000100001100000000000000000000 : 1 :  0.004%
10100100000110000010000010100010 : 1 :  0.009%
10001000000000000000000101010100 : 1 :  0.006%
10000000000000000000000101000100 : 1 :  0.004%
10001000000000010001111001000000 : 1 :  0.008%
11110010000000000000000000000000 : 1 :  0.005%
10000000000000000011110000000000 : 1 :  0.005%
11000000000000010100000000000000 : 1 :  0.004%
10000001100011000000000000000000 : 1 :  0.005%
10000000000000000000111100000000 : 1 :  0.005%
10110011000000000000000000000000 : 1 :  0.005%
10000000000001111110100000000000 : 1 :  0.008%
10011000001000000000000000000000 : 1 :  0.004%
11000000000000100000000000000000 : 1 :  0.003%
10000000100000000000000100001000 : 1 :  0.004%
10001001001000000000000000000000 : 1 :  0.004%
10101000000000000000000000000001 : 1 :  0.004%
10000000100000001100000000000000 : 1 :  0.004%
10001001010101000000000000000000 : 1 :  0.006%
10110010000000001000000000000000 : 1 :  0.005%
11000010111111111111111000000000 : 1 :  0.017%
11000000001000000010000000000000 : 1 :  0.004%
11100000001000000000000000000000 : 1 :  0.004%
11001000000000001000100000000000 : 1 :  0.005%
10000010000110000000000000000000 : 1 :  0.004%
10000000100000000100010000000000 : 1 :  0.004%
10010001001111100000000000000000 : 1 :  0.008%
10000000010110100000000000000000 : 1 :  0.005%
11000000100000100100000000000000 : 1 :  0.005%
11000000100000100001000000000000 : 1 :  0.005%
10000000000000011010000000000000 : 1 :  0.004%
11111111111111111111111111100000 : 1 :  0.026%
10000000100000010101000000000000 : 1 :  0.005%
10000000000100000000000010000000 : 1 :  0.003%
10000010000000010101000000000000 : 1 :  0.005%
10000000000000010110000100010001 : 1 :  0.007%
10000001000000000000000010000000 : 1 :  0.003%
10000000000000000000110001000000 : 1 :  0.004%
10000000000000110100000100000000 : 1 :  0.005%
10000000010000000000001000100000 : 1 :  0.004%
11010110111001011101000100111111 : 1 :  0.019%
11111110101001111001001000110000 : 1 :  0.016%
10000010100000010100000000000000 : 1 :  0.005%
10000000000010000000010001000000 : 1 :  0.004%
10000000010000000001001010000000 : 1 :  0.005%
10000000000001000000000000000001 : 1 :  0.003%
10100000000000010100000000000000 : 1 :  0.004%
10000000001000010100000100000000 : 1 :  0.005%
10100000000000000000000001000100 : 1 :  0.004%
10000100100000000000000010000001 : 1 :  0.005%
10000000001000000000110100000000 : 1 :  0.005%
10010010000110000000000010010000 : 1 :  0.007%
10001000001000010000000000000000 : 1 :  0.004%
10000100000001000100000000000000 : 1 :  0.004%
10000000000000000000010010001000 : 1 :  0.004%
11000001001000000000000000000000 : 1 :  0.004%
10010000010010001010000000000000 : 1 :  0.006%
10000100011000000000000000000000 : 1 :  0.004%
10000100100000000100000000000000 : 1 :  0.004%
10000000000000000000000000010001 : 1 :  0.003%
10001111000100001000000000000000 : 1 :  0.007%
10100000000000000100000000000000 : 1 :  0.003%
10010100010100000000000000000000 : 1 :  0.005%
10000000000000000000000100100000 : 1 :  0.003%
10000010000000000000100000100000 : 1 :  0.004%
10001000000000000000001000000000 : 1 :  0.003%
10001000000100000000000000000000 : 1 :  0.003%
10000000001000000010001000000000 : 1 :  0.004%
10001000000001000010010010110000 : 1 :  0.008%
10100000000000000000100000001001 : 1 :  0.005%
10101000000000000000100000000000 : 1 :  0.004%
10001000000001100000000000000000 : 1 :  0.004%
10000000000001000100000000000000 : 1 :  0.003%
10010000101010000000000000000000 : 1 :  0.005%
10000011010000000000000000000000 : 1 :  0.004%
10100001111111100000000000000000 : 1 :  0.010%
10001000000010000000000000000000 : 1 :  0.003%
10000010001100000000000000000000 : 1 :  0.004%
10000010100100000000000000000000 : 1 :  0.004%
10100010101000000000000000000000 : 1 :  0.005%
10000000000000000100000000000010 : 1 :  0.003%
10001000000000000110000000000000 : 1 :  0.004%
10000000000010100000100000000000 : 1 :  0.004%
10000011011000000000000000000000 : 1 :  0.005%
10000000000100000000000000000010 : 1 :  0.003%
11000000000000000000000010100000 : 1 :  0.004%
10000100000000000000000000110000 : 1 :  0.004%
10000111000100000000000000000000 : 1 :  0.005%
10000000000000000000010000101000 : 1 :  0.004%
11110111111000000000000000000000 : 1 :  0.010%
11000111011110010111000010000100 : 1 :  0.014%
10000000000010000000001000000100 : 1 :  0.004%
10000000000000010000000011100000 : 1 :  0.005%
10000000000001000001000000010000 : 1 :  0.004%
10010000011000000000000000000000 : 1 :  0.004%
10000000111110000000000000000000 : 1 :  0.006%
10000000010000000000000000000010 : 1 :  0.003%
10000000001000000011000000000000 : 1 :  0.004%
10001000000000000000110000000000 : 1 :  0.004%
10000000000001000000010111111111 : 1 :  0.012%
10100000000000000001100000000000 : 1 :  0.004%
10000000000000000001001000000000 : 1 :  0.003%
10000000010000000000000000001010 : 1 :  0.004%
10100000001010011010001000000000 : 1 :  0.008%
10000000000010000001000000000000 : 1 :  0.003%
10000000000000000000001000000100 : 1 :  0.003%
10001000000000000000111000000000 : 1 :  0.005%
10001000000000010011001000001010 : 1 :  0.008%
10000000000000000101010001001000 : 1 :  0.006%
11101010000100000000000000000000 : 1 :  0.006%
10000000000011111111111111000000 : 1 :  0.014%
10001000000000000001010000000000 : 1 :  0.004%
10000000000000000010010000000000 : 1 :  0.003%
11100100100000100100000000000000 : 1 :  0.007%
10001000000000101001010000000001 : 1 :  0.007%
10000000000000000000000000001100 : 1 :  0.003%
10000000000000000000000000011000 : 1 :  0.003%
10010000110010000011010000000000 : 1 :  0.008%
10010000110010000011011000000000 : 1 :  0.009%
11001001110011000000000000000000 : 1 :  0.008%
11000000110000000000000000000000 : 1 :  0.004%
10100101111111111111111111111111 : 1 :  0.027%
10000000001000000000000000001111 : 1 :  0.006%
10100000101100000000000000000000 : 1 :  0.005%
10110111001100000000000000000010 : 1 :  0.009%
10101000000001000000000000000000 : 1 :  0.004%
10010000011000000010000000000000 : 1 :  0.005%
11001000011110100010100101000000 : 1 :  0.012%
10010000001010000000100000000000 : 1 :  0.005%
11010000001000000010000000000000 : 1 :  0.005%
11011000010111111111111111111000 : 1 :  0.022%
11000001000001100100000000000000 : 1 :  0.006%
10000001010001000000000000000000 : 1 :  0.004%
10000001000000001000001010000000 : 1 :  0.005%
10000000000010000010000000000000 : 1 :  0.003%
10100000110000010000000000000000 : 1 :  0.005%
10001000000000000100000000000010 : 1 :  0.004%
10110100111000000000000000000000 : 1 :  0.007%
11000001010000000000000000000000 : 1 :  0.004%
10000000000000000001111100000000 : 1 :  0.006%
10000000000000000000001101000000 : 1 :  0.004%
10000000000010000000000010000010 : 1 :  0.004%
10001000100100000000000000000000 : 1 :  0.004%
10000000100000000000011001000000 : 1 :  0.005%
10000000000100000000010000000000 : 1 :  0.003%
11111111111111111100000000000000 : 1 :  0.017%
11100000000000001100000000000000 : 1 :  0.005%
10000101000000000000000010000000 : 1 :  0.004%
10100000000000000000000010010000 : 1 :  0.004%
10100000000000101000000011000000 : 1 :  0.006%
10100011000000000000000000000000 : 1 :  0.004%
10100100010000000000000000000000 : 1 :  0.004%
10000100000010100000000000000000 : 1 :  0.004%
10000000001000010001000000000000 : 1 :  0.004%
10000000000000010010000000000000 : 1 :  0.003%
11000000001010000000000000000000 : 1 :  0.004%
10000010100000100000000000000000 : 1 :  0.004%
11001010100011000000000000000000 : 1 :  0.007%
10000111111111111111100000000000 : 1 :  0.016%
11100011111110000000000000000000 : 1 :  0.010%
10111111111111111000000000000000 : 1 :  0.015%
10000000000001000000000011110000 : 1 :  0.006%
10000000000000000000000000110001 : 1 :  0.004%
10000000000001000001111100000000 : 1 :  0.007%
10100100001000000000000000000000 : 1 :  0.004%
10010000010000000001000000000000 : 1 :  0.004%
10010000000111110000000000000000 : 1 :  0.007%
10001000000000000110010010111000 : 1 :  0.009%
10000000010001001001001000000000 : 1 :  0.006%
10000000000010001100000000000000 : 1 :  0.004%
10000000000001000000000010000000 : 1 :  0.003%
10110001101000000000000000000100 : 1 :  0.007%
11010000101000000000000000000000 : 1 :  0.005%
10110000001000000000000000000000 : 1 :  0.004%
11110000100000000000000000000000 : 1 :  0.005%
10110100001000000000000000000000 : 1 :  0.005%
11110010001100000000000000000000 : 1 :  0.007%
10000010000010010000000000000000 : 1 :  0.004%
10110000001100000000000000000000 : 1 :  0.005%
10000000110010000011000000000000 : 1 :  0.006%
10000000111111111111111100000000 : 1 :  0.016%
10000000000000100001000101000000 : 1 :  0.005%
10010001000000000000000000110000 : 1 :  0.005%
11011000000000000000000000010010 : 1 :  0.006%
10000000010000001000000000000000 : 1 :  0.003%
10110100000001001000000000000000 : 1 :  0.006%
10000000001000100010000000000000 : 1 :  0.004%
10100010000000110000000000000000 : 1 :  0.005%
10010000000000000000010001010111 : 1 :  0.008%
10010000000000000000010101010001 : 1 :  0.007%
10000000000000000000010000010000 : 1 :  0.003%
10100000100000000100000000000000 : 1 :  0.004%
10100000100000001000000000000000 : 1 :  0.004%
10000000000000000000110010000000 : 1 :  0.004%
10001001111111111110000000000000 : 1 :  0.013%
10000010000000010001000000000000 : 1 :  0.004%
11000000000000010001000000000000 : 1 :  0.004%
10010000100000000000100000000000 : 1 :  0.004%
10110000010010000000000000000000 : 1 :  0.005%
11000010000000000001000000000000 : 1 :  0.004%
11000000000000000000000000100000 : 1 :  0.003%
10101111001100000000000000000000 : 1 :  0.008%
10111010010110000000000000000000 : 1 :  0.008%
10000001000000000000000001000000 : 1 :  0.003%
10100100000000000100000000000000 : 1 :  0.004%
10000001001000000100000000000000 : 1 :  0.004%
10000000010100100000000000000000 : 1 :  0.004%
10001100000000000000000000001000 : 1 :  0.004%
10000111100100000000000000000000 : 1 :  0.006%
10001100001000000000000000000010 : 1 :  0.005%
10010010000010010000000000000000 : 1 :  0.005%
11000000011000000000000000000000 : 1 :  0.004%
10010100001000000000000000000000 : 1 :  0.004%
10111011100100000000000000000000 : 1 :  0.008%
10100110100100000000000000000000 : 1 :  0.006%
10011000000000000000000000000010 : 1 :  0.004%
11100111100000000000000000000000 : 1 :  0.007%
10000000010000000000000000100100 : 1 :  0.004%
10000000000000000000000000101100 : 1 :  0.004%
10000011101110000100001010110011 : 1 :  0.013%
10000011000000000010100001000000 : 1 :  0.006%
10011001000100000000100010010000 : 1 :  0.008%
10011010101000000000100000000100 : 1 :  0.008%
10010001001010000101001000100100 : 1 :  0.010%
11000000000000000000000000000100 : 1 :  0.003%
10010001100000010000000000000000 : 1 :  0.005%
10010010000010000000000010010000 : 1 :  0.006%
10010000100100000100001010100010 : 1 :  0.009%
10000000000000000001000101000000 : 1 :  0.004%
10000001001001000010001000000000 : 1 :  0.006%
10000000100000100001000101000000 : 1 :  0.006%
10010000100010000100000000100000 : 1 :  0.006%
10000000000000100001000001000000 : 1 :  0.004%
10010010000110000000000000010000 : 1 :  0.006%
10001100000000100001000100000000 : 1 :  0.006%
11110000100010000100001000001000 : 1 :  0.009%
10010000000001111100000000000000 : 1 :  0.007%
10010010000100000000010010000000 : 1 :  0.006%
11100001110000000000000000000000 : 1 :  0.006%
10000000010000000000000000010000 : 1 :  0.003%
10000000010000000000010100000001 : 1 :  0.005%
11010111111000000000000000000000 : 1 :  0.009%
10000100001011100000000000000000 : 1 :  0.006%
11000000000000000000000011111111 : 1 :  0.010%
10011001100000000000000000000000 : 1 :  0.005%
11000000000000100000100100100000 : 1 :  0.006%
10001010000000000000001000000000 : 1 :  0.004%
10010100001001100000000000000000 : 1 :  0.006%
10010100001010100000000000000000 : 1 :  0.006%
10010100001011000000000000000000 : 1 :  0.006%
10000000000110000000000000000000 : 1 :  0.003%
11000000001000011000000000000000 : 1 :  0.005%
10100000000000001100000000000000 : 1 :  0.004%
11010000000010001100000000000000 : 1 :  0.006%
11011000000001000000000000000000 : 1 :  0.005%
10000000110111111111111111110000 : 1 :  0.019%
11100000000000000100000000000000 : 1 :  0.004%
11100000000000001000000000000000 : 1 :  0.004%
11011000110000000000000000000000 : 1 :  0.006%
10000000000000001101000000000000 : 1 :  0.004%
10001000000000000000000000110000 : 1 :  0.004%
11010001100010000110000000000000 : 1 :  0.008%
10010000000000000000000000100011 : 1 :  0.005%
10001001110110000000000000000000 : 1 :  0.007%
10010000001110111110001111100011 : 1 :  0.016%
10000001000100000100000000000000 : 1 :  0.004%
10001001110000000000000000000000 : 1 :  0.005%
10001111110000000000000000000000 : 1 :  0.007%
10010100000000000000010000000000 : 1 :  0.004%
11000000000000000000010000000000 : 1 :  0.003%
10000001011000000000000000000100 : 1 :  0.005%
10000000000101100000000000000000 : 1 :  0.004%
10011010000000000010000000000000 : 1 :  0.005%
11101011100011110000000000000000 : 1 :  0.011%
11100000000001000000000000000000 : 1 :  0.004%
10100100111111111110000000000000 : 1 :  0.013%
10000000010000000000001000000000 : 1 :  0.003%
11110001110011101100111110110000 : 1 :  0.018%
10111000111001110110011111011000 : 1 :  0.018%
11011000111001110110011111011000 : 1 :  0.018%
11101000111001110110011111011000 : 1 :  0.018%
11110000111001110110011111011000 : 1 :  0.018%
11111000011001110110011111011000 : 1 :  0.018%
11111000101001110110011111011000 : 1 :  0.018%
11111000110001110110011111011000 : 1 :  0.018%
11111000111000110110011111011000 : 1 :  0.018%
11111000111001010110011111011000 : 1 :  0.018%
11111000111001100110011111011000 : 1 :  0.018%
11111000111001110010011111011000 : 1 :  0.018%
11111000111001110100011111011000 : 1 :  0.018%
11111000111001110110001111011000 : 1 :  0.018%
11111000111001110110010111011000 : 1 :  0.018%
11111000111001110110011011011000 : 1 :  0.018%
11111000111001110110011101011000 : 1 :  0.018%
11111000111001110110011110011000 : 1 :  0.018%
11111000111001110110011111001000 : 1 :  0.018%
11111000111001110110011111010000 : 1 :  0.018%
10000000010000000000000001000000 : 1 :  0.003%
11001011100000000000000000000000 : 1 :  0.006%
10000000000000000000101000000000 : 1 :  0.003%
10000111000001000000000000000000 : 1 :  0.005%
10000000000000000000100010000000 : 1 :  0.003%
10000000010110000000000000000000 : 1 :  0.004%
10000000011010000000000000000000 : 1 :  0.004%
10000000011100000000000000000000 : 1 :  0.004%
10000111101010100010000000000000 : 1 :  0.009%
10010001000000010000000000000000 : 1 :  0.004%
11000000100010000000000000000000 : 1 :  0.004%
10110000000000000000000001000000 : 1 :  0.004%
10000001010001100000100000000000 : 1 :  0.006%
10000000001010000000010010100000 : 1 :  0.006%
10101000000000100000000000000000 : 1 :  0.004%
10000001000000000000000110000000 : 1 :  0.004%
10000000000000100000001010000000 : 1 :  0.004%
10000000010101000000000000000000 : 1 :  0.004%
10000000001001111111100000000000 : 1 :  0.010%
10011100100000000000000000000000 : 1 :  0.005%
10010010000010000000000000000000 : 1 :  0.004%
10000101000000100000000000000000 : 1 :  0.004%
10000000111000000000000000000000 : 1 :  0.004%
11000000000000000010000000000000 : 1 :  0.003%
10000000000000000000011111111110 : 1 :  0.011%
10000011000010000000000000000000 : 1 :  0.004%
10110100010001100000000000000000 : 1 :  0.007%
10000000000000000000000001000010 : 1 :  0.003%
10000000000000000000000000010010 : 1 :  0.003%
10000000000000000000000010101100 : 1 :  0.005%
10000001100001000000000000000000 : 1 :  0.004%
10000000000000000001000000010000 : 1 :  0.003%
11001000000000001000000000000000 : 1 :  0.004%
11101000111100000000000000000000 : 1 :  0.008%
10001011111111110000000000000000 : 1 :  0.012%
10110111100000001100000000000000 : 1 :  0.009%
10101001100000000000000000000000 : 1 :  0.005%
10111110100000000000000000000000 : 1 :  0.007%
10111111000000000011000000000000 : 1 :  0.009%
10000000101100000000000000000000 : 1 :  0.004%
10000001101000000000000000000000 : 1 :  0.004%
11001001010000000000000000000000 : 1 :  0.005%
10100100000100001010000100000100 : 1 :  0.008%
10000000000000000100010000000000 : 1 :  0.003%
10001000000000000100000000000001 : 1 :  0.004%
10111111111111111111100000000000 : 1 :  0.019%
10001010000000000110000000000000 : 1 :  0.005%
10010010000000000010000000000000 : 1 :  0.004%
10011000000000000010000000000000 : 1 :  0.004%
10000100001001010100000000000000 : 1 :  0.006%
10000000000100101000000000000000 : 1 :  0.004%
11010000100000000001000000000000 : 1 :  0.005%
11000000000000000100000000000000 : 1 :  0.003%
10000001000000000000000000010000 : 1 :  0.003%
10011001111111111000000000000000 : 1 :  0.013%
10000000001111000000000000000000 : 1 :  0.005%
10000100001001000000000000000000 : 1 :  0.004%
10000100000110000000000000000000 : 1 :  0.004%
10101100000000000000100000000000 : 1 :  0.005%
11001100000000000000100000000000 : 1 :  0.005%
10001011111111111111000000000000 : 1 :  0.015%
11110010101110010000110000000000 : 1 :  0.012%
11000000101011000000000000000000 : 1 :  0.006%
11010100000001000000000000000000 : 1 :  0.005%
10110110000110000000000000000000 : 1 :  0.007%
10010010000000100000000000000000 : 1 :  0.004%
10000000000100001000000000000000 : 1 :  0.003%
10000000000100010000000000000000 : 1 :  0.003%
11110001000110000000000000000000 : 1 :  0.007%
10000000100000001000000000000000 : 1 :  0.003%
10000000011110000000000000000000 : 1 :  0.005%
10101000111110000000000000000000 : 1 :  0.008%
11100011101111110000000000000000 : 1 :  0.012%
10001000000000001111111100000000 : 1 :  0.010%
10000000000000000000000111000000 : 1 :  0.004%
10000000010000000010001000000000 : 1 :  0.004%
10101000100000000000000000000000 : 1 :  0.004%
11010111111100000000000000000000 : 1 :  0.010%
10100001000000001000000000000000 : 1 :  0.004%
10110000000010000000000000000000 : 1 :  0.004%
10000101001111100000000000000000 : 1 :  0.008%
10000000000011111111110000000000 : 1 :  0.011%
10110101111000000000000000000000 : 1 :  0.008%
10000000110000100000000000000000 : 1 :  0.004%
10001100100011101100100000000000 : 1 :  0.010%
11000100100100000000000000000000 : 1 :  0.005%
10000000010010000011000000000000 : 1 :  0.005%
10000000100010000011000000000000 : 1 :  0.005%
10000000110000000011000000000000 : 1 :  0.005%
10000000110010000001000000000000 : 1 :  0.005%
10000000110010000010000000000000 : 1 :  0.005%
10000000000111110000000000000000 : 1 :  0.006%
10000101001100001010000100000110 : 1 :  0.010%
10110000000001000000000000000000 : 1 :  0.004%
10000010001111010010000000000000 : 1 :  0.008%
10011000111100000000000000000000 : 1 :  0.007%
11011111111111000000000000000000 : 1 :  0.013%
10001110010000000000000000000000 : 1 :  0.005%
10100110010000000000000000000000 : 1 :  0.005%
10101010010000000000000000000000 : 1 :  0.005%
10101100010000000000000000000000 : 1 :  0.005%
10101110000000000000000000000100 : 1 :  0.006%
11111100100000000000000000000000 : 1 :  0.007%
10101011111111000000000000000000 : 1 :  0.011%
10101010111011111000000000000000 : 1 :  0.012%
10000000000000000000000001111100 : 1 :  0.006%
11101000111000000000000000000000 : 1 :  0.007%
10010101010000000000000000000000 : 1 :  0.005%
10010000100000011000000000000000 : 1 :  0.005%
10011010100000001000000000000000 : 1 :  0.006%
11110100001001000000011000000000 : 1 :  0.009%
11100001000000000000000000000000 : 1 :  0.004%
10010110011000000000000000000000 : 1 :  0.006%
10000100000100100000000000000000 : 1 :  0.004%
11110000000000000000001000000000 : 1 :  0.005%
11110111111011011111000000000000 : 1 :  0.016%
10101111000000000000000000000000 : 1 :  0.006%
10010111100000000000000000000000 : 1 :  0.006%
11000111100000000000000000000000 : 1 :  0.006%
11010011100000000000000000000000 : 1 :  0.006%
11010110100000000000000000000000 : 1 :  0.006%
11010111000000000000000000000000 : 1 :  0.006%
10000000001100000001000000000000 : 1 :  0.004%
11111111111111111111111111111100 : 1 :  0.029%
10000001100010000100000000000000 : 1 :  0.005%
10000000000001000000100000000000 : 1 :  0.003%
10000010000000000100000000000111 : 1 :  0.006%
10010000000000000100000000000110 : 1 :  0.005%
11000000100010000100000000000000 : 1 :  0.005%
11000001000010000100000000000000 : 1 :  0.005%
11000001100000000100000001000010 : 1 :  0.007%
11010011100010000010000000000110 : 1 :  0.010%
10000000000000000100000011001010 : 1 :  0.006%
10000100000110000010000010000000 : 1 :  0.006%
10010010010000000100010000000010 : 1 :  0.007%
10010010010010000110010000000100 : 1 :  0.009%
10000000100000000000000000011000 : 1 :  0.004%
10010100001001000000001000000000 : 1 :  0.006%
10010000001000000000001000000000 : 1 :  0.004%
11100100001001000000011000000000 : 1 :  0.008%
11010000001000000000001000000000 : 1 :  0.005%
10000000000010000010000111111111 : 1 :  0.012%
11110100000001000000011000000000 : 1 :  0.008%
11010000001000000000011000000000 : 1 :  0.006%
10000010000010000000000000000000 : 1 :  0.003%
10010000001001000000001000000000 : 1 :  0.005%
11111100001001000000010000000000 : 1 :  0.009%
10000000000000000001010000000000 : 1 :  0.003%
10001000100010000000000000000000 : 1 :  0.004%
10111111111111100000000000000000 : 1 :  0.013%
10100000110000000000000000000000 : 1 :  0.004%
10000110110000000000000000000000 : 1 :  0.005%
11111111101000000000000000000000 : 1 :  0.010%
10001111111111100000000000000000 : 1 :  0.012%
11011010000000000000000000000000 : 1 :  0.005%
10011100100000100000000000000000 : 1 :  0.006%
10000010010000110000000000000000 : 1 :  0.005%
11101111110110111110000000000000 : 1 :  0.015%
10110111111011011111000000000000 : 1 :  0.015%
11010111111011011111000000000000 : 1 :  0.015%
11100111111011011111000000000000 : 1 :  0.015%
11110011111011011111000000000000 : 1 :  0.015%
11110101111011011111000000000000 : 1 :  0.015%
11111011011111101111100000000000 : 1 :  0.017%
11110111011011011111000000000000 : 1 :  0.015%
11110111101011011111000000000000 : 1 :  0.015%
11110111110011011111000000000000 : 1 :  0.015%
11110111111001011111000000000000 : 1 :  0.015%
11110111111010011111000000000000 : 1 :  0.015%
11110111111011001111000000000000 : 1 :  0.015%
11110111111011010111000000000000 : 1 :  0.015%
11110111111011011011000000000000 : 1 :  0.015%
11110111111011011101000000000000 : 1 :  0.015%
11110111111011011110000000000000 : 1 :  0.015%
10011100010000000000000000000000 : 1 :  0.005%
11001100010000000000000000000000 : 1 :  0.005%
11000000011100000000000000000000 : 1 :  0.005%
11000000001001000000000000000000 : 1 :  0.004%
11011111110000000000000000000000 : 1 :  0.009%
10101100100000000000000000000000 : 1 :  0.005%
10010110010000000000000000000000 : 1 :  0.005%
11000110010000000000000000000000 : 1 :  0.005%
10010000010100000000000000000000 : 1 :  0.004%
11010010010000000000000000000000 : 1 :  0.005%
11010100010000000000000000000000 : 1 :  0.005%
10010100010000000000000000000000 : 1 :  0.004%
10000000000000000010000010000000 : 1 :  0.003%
10101100001000000000000000000000 : 1 :  0.005%
10010110000100000000000000000000 : 1 :  0.005%
11000110000100000000000000000000 : 1 :  0.005%
11010010000100000000000000000000 : 1 :  0.005%
11010100000100000000000000000000 : 1 :  0.005%
10100000000001000000000000010000 : 1 :  0.004%
11111111111111111111111111111110 : 1 :  0.030%
10111111111011111111111111111101 : 1 :  0.028%
11011111111011111111111111111101 : 1 :  0.028%
11101111111011111111111111111101 : 1 :  0.028%
11110111111011111111111111111101 : 1 :  0.028%
11111011111011111111111111111101 : 1 :  0.028%
11111101111011111111111111111101 : 1 :  0.028%
11111110111011111111111111111101 : 1 :  0.028%
11111111011011111111111111111101 : 1 :  0.028%
11111111101011111111111111111101 : 1 :  0.028%
11111111110011111111111111111101 : 1 :  0.028%
11111111111001111111111111111101 : 1 :  0.028%
11111111111010111111111111111101 : 1 :  0.028%
11111111111011011111111111111101 : 1 :  0.028%
11111111111011101111111111111101 : 1 :  0.028%
11111111111011110111111111111101 : 1 :  0.028%
11111111111011111011111111111101 : 1 :  0.028%
11111111111011111101111111111101 : 1 :  0.028%
11111111111011111110111111111101 : 1 :  0.028%
11111111111011111111011111111101 : 1 :  0.028%
11111111111011111111101111111101 : 1 :  0.028%
11111111111011111111110111111101 : 1 :  0.028%
11111111111011111111111011111101 : 1 :  0.028%
11111111111011111111111101111101 : 1 :  0.028%
11111111111011111111111110111101 : 1 :  0.028%
11111111111011111111111111011101 : 1 :  0.028%
11111111111011111111111111101101 : 1 :  0.028%
11111111111011111111111111110101 : 1 :  0.028%
11111111111011111111111111111001 : 1 :  0.028%
11111111111011111111111111111100 : 1 :  0.028%
10111111111111111100000000000000 : 1 :  0.016%
11100001010100010011110000000000 : 1 :  0.011%
10000000001000101000000000000000 : 1 :  0.004%
10100000111000100000000000000000 : 1 :  0.006%
10100010011000000101000000000000 : 1 :  0.007%
10111110100010101000100000000000 : 1 :  0.011%
10101010001000001000000000000000 : 1 :  0.006%
10001000001000100000000000000000 : 1 :  0.004%
10001001111000000000000000000000 : 1 :  0.006%
10110001100000000000000000000000 : 1 :  0.005%
10010010010000000000000000000000 : 1 :  0.004%
11001010100000000000000000000000 : 1 :  0.005%
10000000000000000000001000100000 : 1 :  0.003%
10100001010000000000000000000000 : 1 :  0.004%
11011110111111000000000000000000 : 1 :  0.012%
11101000000100000000000000000000 : 1 :  0.005%
11110000001111000000000000000000 : 1 :  0.008%
10100000011100000000000000000000 : 1 :  0.005%
10100000110100000000000000000000 : 1 :  0.005%
10100000111000000000000000000000 : 1 :  0.005%
10110000110000000000000000000000 : 1 :  0.005%
10000000000000000000000000001011 : 1 :  0.004%
10010100111000000000000000000000 : 1 :  0.006%
10100100111000000000000000000000 : 1 :  0.006%
10110100011000000000000000000000 : 1 :  0.006%
10110100101000000000000000000000 : 1 :  0.006%
10110100110000000000000000000000 : 1 :  0.006%
10011100000000000111100000000000 : 1 :  0.008%
10111000101000000000000000000000 : 1 :  0.006%
11101001111000000000000000000000 : 1 :  0.008%
11010000100000000000000000000000 : 1 :  0.004%
11101101110000000000000000000000 : 1 :  0.008%
11001000011000000000000000000000 : 1 :  0.005%
10000000000000000100000000000011 : 1 :  0.004%
10000001111000000000000000000000 : 1 :  0.005%
11110011100000000000000000000000 : 1 :  0.007%
11101001001110000000000000000000 : 1 :  0.008%
10000101101000000000000000000000 : 1 :  0.005%
11000111111000000000000000000000 : 1 :  0.008%
10001001011000000000000000000000 : 1 :  0.005%
10001110111000000000000000000000 : 1 :  0.007%
11011011000000000000000000000000 : 1 :  0.006%
11000000000000011100000000000000 : 1 :  0.005%
11100010001000000000000000000000 : 1 :  0.005%
10000000000000000000111000000000 : 1 :  0.004%
10001010100110000000000000000000 : 1 :  0.006%
11010111111110000000000000000000 : 1 :  0.011%
10001010110000000000000000000000 : 1 :  0.005%
11010011001000000000000000000000 : 1 :  0.006%
10000100000101000000000000000000 : 1 :  0.004%
11101000100000000000000000000000 : 1 :  0.005%
11110000111100000000000000000000 : 1 :  0.008%
11111000010000000000000000000000 : 1 :  0.006%
10111000110000000000000000000000 : 1 :  0.006%
11101100000001000000000000000000 : 1 :  0.006%
11010011111111100000000000000000 : 1 :  0.012%
11000000000000000000001111111000 : 1 :  0.009%
11110111110000000000000000000000 : 1 :  0.009%
11111101100000000000000000000000 : 1 :  0.008%
11000010000100000000000000000000 : 1 :  0.004%
10111110110000000000000000000000 : 1 :  0.008%
11111100110000000000000000000000 : 1 :  0.008%
11011100010000000000000000000000 : 1 :  0.006%
11000101011000000000000000000000 : 1 :  0.006%
10100010101100000000000000000000 : 1 :  0.006%
11000010101100000000000000000000 : 1 :  0.006%
11100010001100000000000000000000 : 1 :  0.006%
11100010100100000000000000000000 : 1 :  0.006%
11100010101000000000000000000000 : 1 :  0.006%
11011111111110000000000000000000 : 1 :  0.012%
10100000011000000000000000000000 : 1 :  0.004%
10111111111111111111111000000000 : 1 :  0.021%
11011111111111111111111000000000 : 1 :  0.021%
11101111111111111111111000000000 : 1 :  0.021%
11110111111111111111111000000000 : 1 :  0.021%
11111011111111111111111000000000 : 1 :  0.021%
11111101111111111111111000000000 : 1 :  0.021%
11111110111111111111111000000000 : 1 :  0.021%
11111111011111111111111000000000 : 1 :  0.021%
11111111101111111111111000000000 : 1 :  0.021%
11111111110111111111111000000000 : 1 :  0.021%
11111111111011111111111000000000 : 1 :  0.021%
11111111111101111111111000000000 : 1 :  0.021%
11111111111110111111111000000000 : 1 :  0.021%
11111111111111011111111000000000 : 1 :  0.021%
11111111111111101111111000000000 : 1 :  0.021%
11111111111111110111111000000000 : 1 :  0.021%
11111111111111111011111000000000 : 1 :  0.021%
11111111111111111101111000000000 : 1 :  0.021%
11111111111111111110111000000000 : 1 :  0.021%
11111111111111111111011000000000 : 1 :  0.021%
11111111111111111111101000000000 : 1 :  0.021%
11001101000000000000000000000000 : 1 :  0.005%
11011001000000000000000000000000 : 1 :  0.005%
00001000000000000000000000000000 : 1 :  0.001%
00010000000000000000000000000000 : 1 :  0.001%
00000011000000000000000000000000 : 1 :  0.002%
00000101000000000000000000000000 : 1 :  0.002%
00000110000000000000000000000000 : 1 :  0.002%
00000000010000000000000000000000 : 1 :  0.001%
00000000100000000000000000000000 : 1 :  0.001%
00000000000100000000000000000000 : 1 :  0.001%
00000000001000000000000000000000 : 1 :  0.001%
00000000000001000000000000000000 : 1 :  0.001%
00000000000010000000000000000000 : 1 :  0.001%
00000000000000010000000000000000 : 1 :  0.001%
00000000000000100000000000000000 : 1 :  0.001%
00000000000000000110000000000000 : 1 :  0.002%
00000000000000001010000000000000 : 1 :  0.002%
00000000000000001100000000000000 : 1 :  0.002%
00000000000000000000100000000000 : 1 :  0.001%
00000000000000000001000000000000 : 1 :  0.001%
00000000000000000000001000000000 : 1 :  0.001%
00000000000000000000010000000000 : 1 :  0.001%
00000000000000000000000010000000 : 1 :  0.001%
00000000000000000000000100000000 : 1 :  0.001%
00000000000000000000000000100000 : 1 :  0.001%
00000000000000000000000001000000 : 1 :  0.001%
00000000000000000000000000001000 : 1 :  0.001%
00000000000000000000000000010000 : 1 :  0.001%
00000000000000000000000000000011 : 1 :  0.002%
00000000000000000000000000000101 : 1 :  0.002%
00000000000000000000000000000110 : 1 :  0.002%
