Parsing Graph File data/CA-HepTh.txt as an undirected graph...
Renaming vertices is ON
Number of edges: 103942
Number of vertices: 9877
Pattern Matching vector size is:8
Full patterns coverage
Sorted by frequency of patterns (high to low)
Pattern  |  Frequency | NNZ coverage percentage% 
10000000 : 25957 :  24.973%
11000000 : 1835 :  3.531%
10100000 : 915 :  1.761%
10010000 : 656 :  1.262%
11100000 : 581 :  1.677%
10001000 : 470 :  0.904%
10000100 : 397 :  0.764%
11111111 : 374 :  2.879%
10000001 : 322 :  0.620%
10000010 : 304 :  0.585%
11110000 : 273 :  1.051%
10110000 : 222 :  0.641%
11111000 : 192 :  0.924%
11010000 : 157 :  0.453%
11111100 : 115 :  0.664%
11111110 : 100 :  0.673%
11001000 : 76 :  0.219%
10101000 : 73 :  0.211%
10011000 : 70 :  0.202%
10010100 : 66 :  0.190%
10001100 : 56 :  0.162%
10100100 : 51 :  0.147%
11011000 : 49 :  0.189%
10010010 : 47 :  0.136%
10111000 : 47 :  0.181%
11000100 : 42 :  0.121%
10100010 : 41 :  0.118%
10001010 : 39 :  0.113%
11101111 : 39 :  0.263%
11101000 : 38 :  0.146%
10001001 : 37 :  0.107%
10000011 : 36 :  0.104%
10010001 : 33 :  0.095%
10000101 : 33 :  0.095%
10111111 : 30 :  0.202%
10000110 : 29 :  0.084%
11111101 : 29 :  0.195%
11000001 : 27 :  0.078%
10100001 : 24 :  0.069%
11000010 : 23 :  0.066%
10011100 : 23 :  0.089%
10111100 : 23 :  0.111%
10011111 : 20 :  0.115%
11110111 : 20 :  0.135%
11011111 : 19 :  0.128%
10001110 : 17 :  0.065%
11001111 : 17 :  0.098%
10111110 : 17 :  0.098%
10001111 : 16 :  0.077%
10000111 : 16 :  0.062%
10110100 : 16 :  0.062%
11100111 : 16 :  0.092%
11010100 : 14 :  0.054%
11001100 : 14 :  0.054%
11001001 : 14 :  0.054%
10101100 : 13 :  0.050%
11101101 : 13 :  0.075%
10011010 : 12 :  0.046%
11101100 : 12 :  0.058%
10100110 : 11 :  0.042%
10101010 : 11 :  0.042%
11110100 : 11 :  0.053%
11011100 : 11 :  0.053%
11010001 : 10 :  0.038%
10001011 : 10 :  0.038%
11000011 : 9 :  0.035%
11100010 : 9 :  0.035%
10110001 : 9 :  0.035%
11001010 : 9 :  0.035%
10010110 : 8 :  0.031%
11000110 : 8 :  0.031%
11010010 : 8 :  0.031%
11000111 : 8 :  0.038%
10001101 : 7 :  0.027%
11100100 : 7 :  0.027%
11111011 : 7 :  0.047%
11101010 : 7 :  0.034%
10101110 : 7 :  0.034%
11010110 : 7 :  0.034%
10011001 : 7 :  0.027%
11101110 : 7 :  0.040%
10010011 : 6 :  0.023%
10100101 : 6 :  0.023%
11001110 : 6 :  0.029%
11111010 : 6 :  0.035%
10010101 : 5 :  0.019%
10111010 : 5 :  0.024%
10101111 : 5 :  0.029%
11100101 : 5 :  0.024%
10011110 : 5 :  0.024%
11100001 : 5 :  0.019%
10110110 : 5 :  0.024%
11010111 : 5 :  0.029%
11011110 : 5 :  0.029%
10100011 : 4 :  0.015%
10011101 : 4 :  0.019%
11101011 : 4 :  0.023%
11111001 : 4 :  0.023%
10010111 : 4 :  0.019%
10110010 : 4 :  0.015%
11110010 : 4 :  0.019%
11100110 : 4 :  0.019%
10101001 : 4 :  0.015%
11010101 : 4 :  0.019%
11010011 : 4 :  0.019%
11110110 : 4 :  0.023%
11110101 : 3 :  0.017%
11001011 : 3 :  0.014%
10111001 : 3 :  0.014%
10011011 : 3 :  0.014%
10110111 : 3 :  0.017%
11100011 : 3 :  0.014%
11001101 : 3 :  0.014%
11011011 : 3 :  0.017%
11101001 : 3 :  0.014%
11000101 : 3 :  0.012%
10101101 : 2 :  0.010%
11011001 : 2 :  0.010%
10111101 : 2 :  0.012%
10100111 : 2 :  0.010%
10101011 : 2 :  0.010%
11110001 : 2 :  0.010%
11110011 : 2 :  0.012%
10110011 : 1 :  0.005%
10111011 : 1 :  0.006%
10110101 : 1 :  0.005%
11011010 : 1 :  0.005%
11011101 : 1 :  0.006%
00100000 : 1 :  0.001%
01000000 : 1 :  0.001%
00001000 : 1 :  0.001%
00010000 : 1 :  0.001%
00000011 : 1 :  0.002%
00000101 : 1 :  0.002%
00000110 : 1 :  0.002%
