Parsing Graph File data/twitter_clean.txt as a directed graph...
Renaming vertices is ON
Number of edges: 1768149
Number of vertices: 81306
Pattern Matching vector size is:8
Full patterns coverage
Sorted by frequency of patterns (high to low)
Pattern  |  Frequency | NNZ coverage percentage% 
10000000 : 662764 :  37.483%
11000000 : 47198 :  5.339%
10100000 : 28752 :  3.252%
10010000 : 22311 :  2.524%
10001000 : 19153 :  2.166%
10000100 : 17028 :  1.926%
10000010 : 15850 :  1.793%
10000001 : 14487 :  1.639%
11100000 : 13070 :  2.218%
11111111 : 11500 :  5.203%
11110000 : 5556 :  1.257%
10110000 : 5354 :  0.908%
11010000 : 5271 :  0.894%
10101000 : 3967 :  0.673%
11001000 : 3740 :  0.635%
10011000 : 3674 :  0.623%
11111000 : 3323 :  0.940%
11000100 : 3189 :  0.541%
10000110 : 3140 :  0.533%
10001100 : 3060 :  0.519%
10100100 : 3056 :  0.519%
10010100 : 3007 :  0.510%
10000011 : 2965 :  0.503%
11000010 : 2735 :  0.464%
10100010 : 2676 :  0.454%
10000101 : 2641 :  0.448%
10010010 : 2640 :  0.448%
10001010 : 2611 :  0.443%
11000001 : 2608 :  0.442%
10001001 : 2472 :  0.419%
11111100 : 2438 :  0.827%
11111110 : 2378 :  0.941%
10100001 : 2307 :  0.391%
10010001 : 2240 :  0.380%
11101000 : 1904 :  0.431%
10111000 : 1785 :  0.404%
11011000 : 1626 :  0.368%
10110100 : 1259 :  0.285%
11100010 : 1240 :  0.281%
11100100 : 1228 :  0.278%
10101100 : 1221 :  0.276%
11111011 : 1216 :  0.481%
10111111 : 1215 :  0.481%
11111101 : 1203 :  0.476%
11010100 : 1200 :  0.271%
10011100 : 1199 :  0.271%
11110111 : 1190 :  0.471%
10001110 : 1165 :  0.264%
11001100 : 1134 :  0.257%
11011111 : 1129 :  0.447%
11101111 : 1129 :  0.447%
10100110 : 1112 :  0.252%
10000111 : 1084 :  0.245%
11100001 : 1047 :  0.237%
11010010 : 1039 :  0.235%
11000011 : 1036 :  0.234%
11110100 : 1027 :  0.290%
10001011 : 1003 :  0.227%
11001001 : 978 :  0.221%
11001010 : 964 :  0.218%
10110010 : 945 :  0.214%
11000110 : 944 :  0.214%
10010110 : 931 :  0.211%
10111100 : 910 :  0.257%
10101001 : 909 :  0.206%
10011110 : 908 :  0.257%
10001101 : 904 :  0.205%
10100101 : 900 :  0.204%
10101010 : 891 :  0.202%
10100011 : 884 :  0.200%
10010011 : 881 :  0.199%
10011010 : 880 :  0.199%
11000101 : 878 :  0.199%
11011100 : 877 :  0.248%
11010001 : 874 :  0.198%
11101100 : 860 :  0.243%
10010101 : 855 :  0.193%
10110001 : 851 :  0.193%
10011001 : 828 :  0.187%
11111010 : 827 :  0.281%
11011110 : 790 :  0.268%
10111110 : 771 :  0.262%
11101110 : 759 :  0.258%
11110110 : 739 :  0.251%
11110010 : 716 :  0.202%
10101111 : 682 :  0.231%
11110011 : 664 :  0.225%
11001110 : 655 :  0.185%
11110101 : 654 :  0.222%
11011010 : 650 :  0.184%
10110110 : 648 :  0.183%
11101101 : 644 :  0.219%
10011111 : 640 :  0.217%
11010110 : 636 :  0.180%
11100110 : 635 :  0.180%
10111010 : 634 :  0.179%
11001011 : 631 :  0.178%
11101010 : 630 :  0.178%
11110001 : 624 :  0.176%
10001111 : 621 :  0.176%
11100111 : 621 :  0.211%
10100111 : 621 :  0.176%
11001111 : 620 :  0.210%
10111101 : 620 :  0.210%
10101110 : 617 :  0.174%
11011011 : 614 :  0.208%
10011101 : 614 :  0.174%
11011101 : 608 :  0.206%
11000111 : 603 :  0.171%
11010011 : 600 :  0.170%
10110111 : 599 :  0.203%
11100011 : 586 :  0.166%
10110101 : 584 :  0.165%
11101011 : 578 :  0.196%
10101011 : 576 :  0.163%
11010111 : 570 :  0.193%
10110011 : 569 :  0.161%
11100101 : 566 :  0.160%
10111001 : 564 :  0.159%
10101101 : 564 :  0.159%
11010101 : 563 :  0.159%
11101001 : 561 :  0.159%
10011011 : 556 :  0.157%
11001101 : 555 :  0.157%
10111011 : 554 :  0.188%
11111001 : 546 :  0.185%
10010111 : 544 :  0.154%
11011001 : 486 :  0.137%
