Parsing Graph File data/facebook_combined.txt as an undirected graph...
Renaming vertices is OFF
Number of edges: 176468
Number of vertices: 4039
Pattern Matching vector size is:8
Full patterns coverage
Sorted by frequency of patterns (high to low)
Pattern  |  Frequency | NNZ coverage percentage% 
10000000 : 56367 :  31.942%
10001000 : 5018 :  5.687%
11000000 : 4118 :  4.667%
10000010 : 3967 :  4.496%
10010000 : 3909 :  4.430%
10000001 : 3883 :  4.401%
10000100 : 3880 :  4.397%
10100000 : 3605 :  4.086%
10010001 : 833 :  1.416%
10000110 : 760 :  1.292%
10001001 : 747 :  1.270%
11000010 : 662 :  1.125%
11000100 : 623 :  1.059%
11010000 : 612 :  1.040%
10001010 : 574 :  0.976%
10001100 : 566 :  0.962%
10000101 : 547 :  0.930%
11000001 : 542 :  0.921%
11001000 : 529 :  0.899%
10000011 : 524 :  0.891%
10100010 : 507 :  0.862%
10011000 : 507 :  0.862%
11111111 : 506 :  2.294%
10110000 : 501 :  0.852%
10100100 : 489 :  0.831%
11100000 : 470 :  0.799%
10010010 : 470 :  0.799%
10101000 : 436 :  0.741%
10010100 : 426 :  0.724%
10100001 : 358 :  0.609%
11000101 : 291 :  0.660%
10001110 : 238 :  0.539%
11000110 : 223 :  0.505%
10001101 : 206 :  0.467%
11010010 : 187 :  0.424%
11110000 : 181 :  0.410%
11001100 : 164 :  0.372%
10000111 : 157 :  0.356%
11001001 : 154 :  0.349%
10110001 : 149 :  0.338%
11100100 : 142 :  0.322%
10101001 : 136 :  0.308%
10001011 : 134 :  0.304%
10100110 : 128 :  0.290%
10001111 : 125 :  0.354%
10101100 : 116 :  0.263%
11000011 : 115 :  0.261%
10010110 : 112 :  0.254%
10010011 : 109 :  0.247%
10010101 : 106 :  0.240%
11101001 : 105 :  0.298%
11101000 : 102 :  0.231%
10011110 : 102 :  0.289%
11101100 : 101 :  0.286%
11011000 : 96 :  0.218%
10110010 : 92 :  0.209%
10011001 : 90 :  0.204%
11010001 : 87 :  0.197%
10011010 : 87 :  0.197%
10011100 : 83 :  0.188%
11100010 : 77 :  0.175%
11100001 : 71 :  0.161%
10101010 : 69 :  0.156%
11010100 : 66 :  0.150%
11010101 : 65 :  0.184%
11000111 : 62 :  0.176%
10100101 : 61 :  0.138%
11001010 : 57 :  0.129%
11100110 : 57 :  0.162%
10111000 : 54 :  0.122%
11010011 : 50 :  0.142%
11101011 : 50 :  0.170%
11110001 : 39 :  0.111%
11111000 : 39 :  0.111%
10110100 : 36 :  0.082%
10100011 : 36 :  0.082%
10011101 : 32 :  0.091%
11111010 : 32 :  0.109%
11010110 : 28 :  0.079%
11011001 : 27 :  0.077%
11100011 : 26 :  0.074%
10111010 : 26 :  0.074%
11110010 : 26 :  0.074%
10100111 : 26 :  0.074%
11001011 : 22 :  0.062%
11011100 : 22 :  0.062%
10101110 : 21 :  0.060%
10011111 : 20 :  0.068%
10111001 : 20 :  0.057%
11001101 : 19 :  0.054%
11110100 : 19 :  0.054%
10110011 : 18 :  0.051%
11011010 : 18 :  0.051%
10101011 : 17 :  0.048%
10110110 : 16 :  0.045%
11001111 : 15 :  0.051%
11100101 : 14 :  0.040%
10011011 : 13 :  0.037%
10010111 : 13 :  0.037%
10101101 : 12 :  0.034%
11110110 : 12 :  0.041%
11101010 : 12 :  0.034%
10110101 : 11 :  0.031%
11101110 : 10 :  0.034%
11111001 : 10 :  0.034%
11001110 : 9 :  0.026%
11011111 : 9 :  0.036%
11111101 : 7 :  0.028%
11010111 : 7 :  0.024%
10111100 : 6 :  0.017%
10111110 : 5 :  0.017%
10111011 : 5 :  0.017%
11011110 : 4 :  0.014%
11110101 : 4 :  0.014%
11111100 : 4 :  0.014%
11011101 : 4 :  0.014%
11110011 : 3 :  0.010%
11100111 : 3 :  0.010%
11111110 : 2 :  0.008%
00000001 : 2 :  0.001%
10111101 : 2 :  0.007%
10110111 : 2 :  0.007%
11110111 : 1 :  0.004%
10111111 : 1 :  0.004%
11011011 : 1 :  0.003%
11101111 : 1 :  0.004%
11101101 : 1 :  0.003%
00000100 : 1 :  0.001%
00000011 : 1 :  0.001%
