Parsing Graph File data/CA-HepTh.txt as an undirected graph...
Renaming vertices is ON
Pattern Matching vector size is:8
Matrix Dimension not divisible by selected vector size
1 1 1 1 1 1 1 1 : 274
1 1 1 1 1 1 1 0 : 44
1 1 1 1 1 1 0 1 : 28
1 1 1 1 1 1 0 0 : 54
1 1 1 1 1 0 1 1 : 18
1 1 1 1 1 0 1 0 : 2
1 1 1 1 1 0 0 1 : 2
1 1 1 1 1 0 0 0 : 73
1 1 1 1 0 1 1 1 : 5
1 1 1 1 0 1 1 0 : 0
1 1 1 1 0 1 0 1 : 1
1 1 1 1 0 1 0 0 : 0
1 1 1 1 0 0 1 1 : 3
1 1 1 1 0 0 1 0 : 0
1 1 1 1 0 0 0 1 : 0
1 1 1 1 0 0 0 0 : 127
1 1 1 0 1 1 1 1 : 8
1 1 1 0 1 1 1 0 : 1
1 1 1 0 1 1 0 1 : 1
1 1 1 0 1 1 0 0 : 16
1 1 1 0 1 0 1 1 : 1
1 1 1 0 1 0 1 0 : 3
1 1 1 0 1 0 0 1 : 0
1 1 1 0 1 0 0 0 : 12
1 1 1 0 0 1 1 1 : 1
1 1 1 0 0 1 1 0 : 1
1 1 1 0 0 1 0 1 : 0
1 1 1 0 0 1 0 0 : 2
1 1 1 0 0 0 1 1 : 0
1 1 1 0 0 0 1 0 : 1
1 1 1 0 0 0 0 1 : 0
1 1 1 0 0 0 0 0 : 204
1 1 0 1 1 1 1 1 : 16
1 1 0 1 1 1 1 0 : 2
1 1 0 1 1 1 0 1 : 2
1 1 0 1 1 1 0 0 : 2
1 1 0 1 1 0 1 1 : 2
1 1 0 1 1 0 1 0 : 0
1 1 0 1 1 0 0 1 : 1
1 1 0 1 1 0 0 0 : 6
1 1 0 1 0 1 1 1 : 1
1 1 0 1 0 1 1 0 : 0
1 1 0 1 0 1 0 1 : 0
1 1 0 1 0 1 0 0 : 1
1 1 0 1 0 0 1 1 : 0
1 1 0 1 0 0 1 0 : 2
1 1 0 1 0 0 0 1 : 2
1 1 0 1 0 0 0 0 : 34
1 1 0 0 1 1 1 1 : 1
1 1 0 0 1 1 1 0 : 2
1 1 0 0 1 1 0 1 : 0
1 1 0 0 1 1 0 0 : 3
1 1 0 0 1 0 1 1 : 1
1 1 0 0 1 0 1 0 : 2
1 1 0 0 1 0 0 1 : 3
1 1 0 0 1 0 0 0 : 14
1 1 0 0 0 1 1 1 : 0
1 1 0 0 0 1 1 0 : 1
1 1 0 0 0 1 0 1 : 3
1 1 0 0 0 1 0 0 : 8
1 1 0 0 0 0 1 1 : 1
1 1 0 0 0 0 1 0 : 7
1 1 0 0 0 0 0 1 : 6
1 1 0 0 0 0 0 0 : 531
1 0 1 1 1 1 1 1 : 12
1 0 1 1 1 1 1 0 : 5
1 0 1 1 1 1 0 1 : 1
1 0 1 1 1 1 0 0 : 2
1 0 1 1 1 0 1 1 : 2
1 0 1 1 1 0 1 0 : 1
1 0 1 1 1 0 0 1 : 1
1 0 1 1 1 0 0 0 : 8
1 0 1 1 0 1 1 1 : 11
1 0 1 1 0 1 1 0 : 2
1 0 1 1 0 1 0 1 : 1
1 0 1 1 0 1 0 0 : 0
1 0 1 1 0 0 1 1 : 1
1 0 1 1 0 0 1 0 : 3
1 0 1 1 0 0 0 1 : 1
1 0 1 1 0 0 0 0 : 43
1 0 1 0 1 1 1 1 : 1
1 0 1 0 1 1 1 0 : 3
1 0 1 0 1 1 0 1 : 0
1 0 1 0 1 1 0 0 : 4
1 0 1 0 1 0 1 1 : 0
1 0 1 0 1 0 1 0 : 1
1 0 1 0 1 0 0 1 : 0
1 0 1 0 1 0 0 0 : 17
1 0 1 0 0 1 1 1 : 2
1 0 1 0 0 1 1 0 : 2
1 0 1 0 0 1 0 1 : 1
1 0 1 0 0 1 0 0 : 9
1 0 1 0 0 0 1 1 : 2
1 0 1 0 0 0 1 0 : 9
1 0 1 0 0 0 0 1 : 3
1 0 1 0 0 0 0 0 : 238
1 0 0 1 1 1 1 1 : 6
1 0 0 1 1 1 1 0 : 2
1 0 0 1 1 1 0 1 : 0
1 0 0 1 1 1 0 0 : 8
1 0 0 1 1 0 1 1 : 0
1 0 0 1 1 0 1 0 : 2
1 0 0 1 1 0 0 1 : 0
1 0 0 1 1 0 0 0 : 26
1 0 0 1 0 1 1 1 : 4
1 0 0 1 0 1 1 0 : 3
1 0 0 1 0 1 0 1 : 2
1 0 0 1 0 1 0 0 : 7
1 0 0 1 0 0 1 1 : 3
1 0 0 1 0 0 1 0 : 6
1 0 0 1 0 0 0 1 : 2
1 0 0 1 0 0 0 0 : 153
1 0 0 0 1 1 1 1 : 6
1 0 0 0 1 1 1 0 : 5
1 0 0 0 1 1 0 1 : 1
1 0 0 0 1 1 0 0 : 13
1 0 0 0 1 0 1 1 : 0
1 0 0 0 1 0 1 0 : 9
1 0 0 0 1 0 0 1 : 11
1 0 0 0 1 0 0 0 : 95
1 0 0 0 0 1 1 1 : 4
1 0 0 0 0 1 1 0 : 4
1 0 0 0 0 1 0 1 : 5
1 0 0 0 0 1 0 0 : 51
1 0 0 0 0 0 1 1 : 6
1 0 0 0 0 0 1 0 : 68
1 0 0 0 0 0 0 1 : 43
1 0 0 0 0 0 0 0 : 4170
0 1 1 1 1 1 1 1 : 35
0 1 1 1 1 1 1 0 : 17
0 1 1 1 1 1 0 1 : 3
0 1 1 1 1 1 0 0 : 24
0 1 1 1 1 0 1 1 : 3
0 1 1 1 1 0 1 0 : 1
0 1 1 1 1 0 0 1 : 1
0 1 1 1 1 0 0 0 : 35
0 1 1 1 0 1 1 1 : 3
0 1 1 1 0 1 1 0 : 2
0 1 1 1 0 1 0 1 : 1
0 1 1 1 0 1 0 0 : 7
0 1 1 1 0 0 1 1 : 1
0 1 1 1 0 0 1 0 : 3
0 1 1 1 0 0 0 1 : 1
0 1 1 1 0 0 0 0 : 78
0 1 1 0 1 1 1 1 : 4
0 1 1 0 1 1 1 0 : 2
0 1 1 0 1 1 0 1 : 0
0 1 1 0 1 1 0 0 : 9
0 1 1 0 1 0 1 1 : 3
0 1 1 0 1 0 1 0 : 4
0 1 1 0 1 0 0 1 : 6
0 1 1 0 1 0 0 0 : 26
0 1 1 0 0 1 1 1 : 0
0 1 1 0 0 1 1 0 : 0
0 1 1 0 0 1 0 1 : 1
0 1 1 0 0 1 0 0 : 9
0 1 1 0 0 0 1 1 : 3
0 1 1 0 0 0 1 0 : 4
0 1 1 0 0 0 0 1 : 11
0 1 1 0 0 0 0 0 : 306
0 1 0 1 1 1 1 1 : 8
0 1 0 1 1 1 1 0 : 1
0 1 0 1 1 1 0 1 : 0
0 1 0 1 1 1 0 0 : 5
0 1 0 1 1 0 1 1 : 0
0 1 0 1 1 0 1 0 : 1
0 1 0 1 1 0 0 1 : 3
0 1 0 1 1 0 0 0 : 37
0 1 0 1 0 1 1 1 : 1
0 1 0 1 0 1 1 0 : 1
0 1 0 1 0 1 0 1 : 3
0 1 0 1 0 1 0 0 : 12
0 1 0 1 0 0 1 1 : 3
0 1 0 1 0 0 1 0 : 12
0 1 0 1 0 0 0 1 : 11
0 1 0 1 0 0 0 0 : 141
0 1 0 0 1 1 1 1 : 1
0 1 0 0 1 1 1 0 : 3
0 1 0 0 1 1 0 1 : 3
0 1 0 0 1 1 0 0 : 11
0 1 0 0 1 0 1 1 : 1
0 1 0 0 1 0 1 0 : 14
0 1 0 0 1 0 0 1 : 13
0 1 0 0 1 0 0 0 : 133
0 1 0 0 0 1 1 1 : 3
0 1 0 0 0 1 1 0 : 13
0 1 0 0 0 1 0 1 : 4
0 1 0 0 0 1 0 0 : 60
0 1 0 0 0 0 1 1 : 9
0 1 0 0 0 0 1 0 : 99
0 1 0 0 0 0 0 1 : 53
0 1 0 0 0 0 0 0 : 3638
0 0 1 1 1 1 1 1 : 55
0 0 1 1 1 1 1 0 : 18
0 0 1 1 1 1 0 1 : 0
0 0 1 1 1 1 0 0 : 29
0 0 1 1 1 0 1 1 : 5
0 0 1 1 1 0 1 0 : 5
0 0 1 1 1 0 0 1 : 1
0 0 1 1 1 0 0 0 : 80
0 0 1 1 0 1 1 1 : 4
0 0 1 1 0 1 1 0 : 7
0 0 1 1 0 1 0 1 : 10
0 0 1 1 0 1 0 0 : 19
0 0 1 1 0 0 1 1 : 0
0 0 1 1 0 0 1 0 : 9
0 0 1 1 0 0 0 1 : 9
0 0 1 1 0 0 0 0 : 214
0 0 1 0 1 1 1 1 : 5
0 0 1 0 1 1 1 0 : 12
0 0 1 0 1 1 0 1 : 0
0 0 1 0 1 1 0 0 : 24
0 0 1 0 1 0 1 1 : 3
0 0 1 0 1 0 1 0 : 15
0 0 1 0 1 0 0 1 : 11
0 0 1 0 1 0 0 0 : 159
0 0 1 0 0 1 1 1 : 7
0 0 1 0 0 1 1 0 : 4
0 0 1 0 0 1 0 1 : 9
0 0 1 0 0 1 0 0 : 80
0 0 1 0 0 0 1 1 : 11
0 0 1 0 0 0 1 0 : 73
0 0 1 0 0 0 0 1 : 80
0 0 1 0 0 0 0 0 : 3625
0 0 0 1 1 1 1 1 : 110
0 0 0 1 1 1 1 0 : 41
0 0 0 1 1 1 0 1 : 10
0 0 0 1 1 1 0 0 : 86
0 0 0 1 1 0 1 1 : 13
0 0 0 1 1 0 1 0 : 31
0 0 0 1 1 0 0 1 : 20
0 0 0 1 1 0 0 0 : 279
0 0 0 1 0 1 1 1 : 18
0 0 0 1 0 1 1 0 : 33
0 0 0 1 0 1 0 1 : 24
0 0 0 1 0 1 0 0 : 107
0 0 0 1 0 0 1 1 : 32
0 0 0 1 0 0 1 0 : 110
0 0 0 1 0 0 0 1 : 74
0 0 0 1 0 0 0 0 : 3529
0 0 0 0 1 1 1 1 : 97
0 0 0 0 1 1 1 0 : 86
0 0 0 0 1 1 0 1 : 42
0 0 0 0 1 1 0 0 : 261
0 0 0 0 1 0 1 1 : 47
0 0 0 0 1 0 1 0 : 173
0 0 0 0 1 0 0 1 : 113
0 0 0 0 1 0 0 0 : 3696
0 0 0 0 0 1 1 1 : 191
0 0 0 0 0 1 1 0 : 269
0 0 0 0 0 1 0 1 : 149
0 0 0 0 0 1 0 0 : 3325
0 0 0 0 0 0 1 1 : 473
0 0 0 0 0 0 1 0 : 3959
0 0 0 0 0 0 0 1 : 4085
0 0 0 0 0 0 0 0 : 12140738
