Parsing Graph File data/facebook_combined.txt as an undirected graph...
Renaming vertices is OFF
Pattern Matching vector size is:8
Matrix Dimension not divisible by selected vector size
1 1 1 1 1 1 1 1 : 496
1 1 1 1 1 1 1 0 : 0
1 1 1 1 1 1 0 1 : 0
1 1 1 1 1 1 0 0 : 1
1 1 1 1 1 0 1 1 : 2
1 1 1 1 1 0 1 0 : 1
1 1 1 1 1 0 0 1 : 0
1 1 1 1 1 0 0 0 : 10
1 1 1 1 0 1 1 1 : 0
1 1 1 1 0 1 1 0 : 0
1 1 1 1 0 1 0 1 : 0
1 1 1 1 0 1 0 0 : 8
1 1 1 1 0 0 1 1 : 0
1 1 1 1 0 0 1 0 : 0
1 1 1 1 0 0 0 1 : 1
1 1 1 1 0 0 0 0 : 12
1 1 1 0 1 1 1 1 : 1
1 1 1 0 1 1 1 0 : 13
1 1 1 0 1 1 0 1 : 2
1 1 1 0 1 1 0 0 : 12
1 1 1 0 1 0 1 1 : 52
1 1 1 0 1 0 1 0 : 7
1 1 1 0 1 0 0 1 : 175
1 1 1 0 1 0 0 0 : 27
1 1 1 0 0 1 1 1 : 1
1 1 1 0 0 1 1 0 : 4
1 1 1 0 0 1 0 1 : 1
1 1 1 0 0 1 0 0 : 80
1 1 1 0 0 0 1 1 : 15
1 1 1 0 0 0 1 0 : 132
1 1 1 0 0 0 0 1 : 28
1 1 1 0 0 0 0 0 : 129
1 1 0 1 1 1 1 1 : 2
1 1 0 1 1 1 1 0 : 1
1 1 0 1 1 1 0 1 : 3
1 1 0 1 1 1 0 0 : 4
1 1 0 1 1 0 1 1 : 0
1 1 0 1 1 0 1 0 : 3
1 1 0 1 1 0 0 1 : 15
1 1 0 1 1 0 0 0 : 94
1 1 0 1 0 1 1 1 : 0
1 1 0 1 0 1 1 0 : 0
1 1 0 1 0 1 0 1 : 0
1 1 0 1 0 1 0 0 : 9
1 1 0 1 0 0 1 1 : 9
1 1 0 1 0 0 1 0 : 8
1 1 0 1 0 0 0 1 : 35
1 1 0 1 0 0 0 0 : 134
1 1 0 0 1 1 1 1 : 0
1 1 0 0 1 1 1 0 : 1
1 1 0 0 1 1 0 1 : 3
1 1 0 0 1 1 0 0 : 16
1 1 0 0 1 0 1 1 : 7
1 1 0 0 1 0 1 0 : 30
1 1 0 0 1 0 0 1 : 60
1 1 0 0 1 0 0 0 : 152
1 1 0 0 0 1 1 1 : 7
1 1 0 0 0 1 1 0 : 5
1 1 0 0 0 1 0 1 : 13
1 1 0 0 0 1 0 0 : 128
1 1 0 0 0 0 1 1 : 99
1 1 0 0 0 0 1 0 : 375
1 1 0 0 0 0 0 1 : 123
1 1 0 0 0 0 0 0 : 991
1 0 1 1 1 1 1 1 : 0
1 0 1 1 1 1 1 0 : 1
1 0 1 1 1 1 0 1 : 0
1 0 1 1 1 1 0 0 : 3
1 0 1 1 1 0 1 1 : 2
1 0 1 1 1 0 1 0 : 5
1 0 1 1 1 0 0 1 : 15
1 0 1 1 1 0 0 0 : 17
1 0 1 1 0 1 1 1 : 2
1 0 1 1 0 1 1 0 : 2
1 0 1 1 0 1 0 1 : 0
1 0 1 1 0 1 0 0 : 20
1 0 1 1 0 0 1 1 : 5
1 0 1 1 0 0 1 0 : 10
1 0 1 1 0 0 0 1 : 13
1 0 1 1 0 0 0 0 : 204
1 0 1 0 1 1 1 1 : 1
1 0 1 0 1 1 1 0 : 9
1 0 1 0 1 1 0 1 : 18
1 0 1 0 1 1 0 0 : 55
1 0 1 0 1 0 1 1 : 9
1 0 1 0 1 0 1 0 : 18
1 0 1 0 1 0 0 1 : 90
1 0 1 0 1 0 0 0 : 217
1 0 1 0 0 1 1 1 : 7
1 0 1 0 0 1 1 0 : 45
1 0 1 0 0 1 0 1 : 110
1 0 1 0 0 1 0 0 : 192
1 0 1 0 0 0 1 1 : 7
1 0 1 0 0 0 1 0 : 93
1 0 1 0 0 0 0 1 : 146
1 0 1 0 0 0 0 0 : 713
1 0 0 1 1 1 1 1 : 12
1 0 0 1 1 1 1 0 : 15
1 0 0 1 1 1 0 1 : 11
1 0 0 1 1 1 0 0 : 91
1 0 0 1 1 0 1 1 : 1
1 0 0 1 1 0 1 0 : 61
1 0 0 1 1 0 0 1 : 29
1 0 0 1 1 0 0 0 : 141
1 0 0 1 0 1 1 1 : 2
1 0 0 1 0 1 1 0 : 72
1 0 0 1 0 1 0 1 : 7
1 0 0 1 0 1 0 0 : 100
1 0 0 1 0 0 1 1 : 52
1 0 0 1 0 0 1 0 : 159
1 0 0 1 0 0 0 1 : 156
1 0 0 1 0 0 0 0 : 1071
1 0 0 0 1 1 1 1 : 18
1 0 0 0 1 1 1 0 : 40
1 0 0 0 1 1 0 1 : 52
1 0 0 0 1 1 0 0 : 304
1 0 0 0 1 0 1 1 : 28
1 0 0 0 1 0 1 0 : 211
1 0 0 0 1 0 0 1 : 137
1 0 0 0 1 0 0 0 : 1379
1 0 0 0 0 1 1 1 : 26
1 0 0 0 0 1 1 0 : 294
1 0 0 0 0 1 0 1 : 143
1 0 0 0 0 1 0 0 : 1087
1 0 0 0 0 0 1 1 : 131
1 0 0 0 0 0 1 0 : 795
1 0 0 0 0 0 0 1 : 714
1 0 0 0 0 0 0 0 : 10411
0 1 1 1 1 1 1 1 : 4
0 1 1 1 1 1 1 0 : 0
0 1 1 1 1 1 0 1 : 1
0 1 1 1 1 1 0 0 : 1
0 1 1 1 1 0 1 1 : 1
0 1 1 1 1 0 1 0 : 2
0 1 1 1 1 0 0 1 : 4
0 1 1 1 1 0 0 0 : 121
0 1 1 1 0 1 1 1 : 1
0 1 1 1 0 1 1 0 : 0
0 1 1 1 0 1 0 1 : 3
0 1 1 1 0 1 0 0 : 30
0 1 1 1 0 0 1 1 : 19
0 1 1 1 0 0 1 0 : 9
0 1 1 1 0 0 0 1 : 15
0 1 1 1 0 0 0 0 : 70
0 1 1 0 1 1 1 1 : 8
0 1 1 0 1 1 1 0 : 5
0 1 1 0 1 1 0 1 : 3
0 1 1 0 1 1 0 0 : 5
0 1 1 0 1 0 1 1 : 11
0 1 1 0 1 0 1 0 : 13
0 1 1 0 1 0 0 1 : 31
0 1 1 0 1 0 0 0 : 70
0 1 1 0 0 1 1 1 : 11
0 1 1 0 0 1 1 0 : 113
0 1 1 0 0 1 0 1 : 16
0 1 1 0 0 1 0 0 : 158
0 1 1 0 0 0 1 1 : 33
0 1 1 0 0 0 1 0 : 264
0 1 1 0 0 0 0 1 : 73
0 1 1 0 0 0 0 0 : 574
0 1 0 1 1 1 1 1 : 10
0 1 0 1 1 1 1 0 : 4
0 1 0 1 1 1 0 1 : 5
0 1 0 1 1 1 0 0 : 6
0 1 0 1 1 0 1 1 : 7
0 1 0 1 1 0 1 0 : 9
0 1 0 1 1 0 0 1 : 47
0 1 0 1 1 0 0 0 : 177
0 1 0 1 0 1 1 1 : 13
0 1 0 1 0 1 1 0 : 11
0 1 0 1 0 1 0 1 : 10
0 1 0 1 0 1 0 0 : 75
0 1 0 1 0 0 1 1 : 49
0 1 0 1 0 0 1 0 : 167
0 1 0 1 0 0 0 1 : 151
0 1 0 1 0 0 0 0 : 881
0 1 0 0 1 1 1 1 : 16
0 1 0 0 1 1 1 0 : 28
0 1 0 0 1 1 0 1 : 8
0 1 0 0 1 1 0 0 : 91
0 1 0 0 1 0 1 1 : 22
0 1 0 0 1 0 1 0 : 90
0 1 0 0 1 0 0 1 : 218
0 1 0 0 1 0 0 0 : 742
0 1 0 0 0 1 1 1 : 25
0 1 0 0 0 1 1 0 : 57
0 1 0 0 0 1 0 1 : 99
0 1 0 0 0 1 0 0 : 1087
0 1 0 0 0 0 1 1 : 132
0 1 0 0 0 0 1 0 : 837
0 1 0 0 0 0 0 1 : 939
0 1 0 0 0 0 0 0 : 9798
0 0 1 1 1 1 1 1 : 1
0 0 1 1 1 1 1 0 : 3
0 0 1 1 1 1 0 1 : 29
0 0 1 1 1 1 0 0 : 68
0 0 1 1 1 0 1 1 : 7
0 0 1 1 1 0 1 0 : 6
0 0 1 1 1 0 0 1 : 27
0 0 1 1 1 0 0 0 : 91
0 0 1 1 0 1 1 1 : 2
0 0 1 1 0 1 1 0 : 25
0 0 1 1 0 1 0 1 : 11
0 0 1 1 0 1 0 0 : 113
0 0 1 1 0 0 1 1 : 9
0 0 1 1 0 0 1 0 : 129
0 0 1 1 0 0 0 1 : 138
0 0 1 1 0 0 0 0 : 905
0 0 1 0 1 1 1 1 : 4
0 0 1 0 1 1 1 0 : 12
0 0 1 0 1 1 0 1 : 12
0 0 1 0 1 1 0 0 : 214
0 0 1 0 1 0 1 1 : 74
0 0 1 0 1 0 1 0 : 89
0 0 1 0 1 0 0 1 : 135
0 0 1 0 1 0 0 0 : 688
0 0 1 0 0 1 1 1 : 98
0 0 1 0 0 1 1 0 : 128
0 0 1 0 0 1 0 1 : 260
0 0 1 0 0 1 0 0 : 772
0 0 1 0 0 0 1 1 : 180
0 0 1 0 0 0 1 0 : 843
0 0 1 0 0 0 0 1 : 1282
0 0 1 0 0 0 0 0 : 9439
0 0 0 1 1 1 1 1 : 3
0 0 0 1 1 1 1 0 : 24
0 0 0 1 1 1 0 1 : 11
0 0 0 1 1 1 0 0 : 125
0 0 0 1 1 0 1 1 : 41
0 0 0 1 1 0 1 0 : 494
0 0 0 1 1 0 0 1 : 100
0 0 0 1 1 0 0 0 : 1128
0 0 0 1 0 1 1 1 : 8
0 0 0 1 0 1 1 0 : 62
0 0 0 1 0 1 0 1 : 138
0 0 0 1 0 1 0 0 : 510
0 0 0 1 0 0 1 1 : 198
0 0 0 1 0 0 1 0 : 1012
0 0 0 1 0 0 0 1 : 1355
0 0 0 1 0 0 0 0 : 11577
0 0 0 0 1 1 1 1 : 82
0 0 0 0 1 1 1 0 : 216
0 0 0 0 1 1 0 1 : 99
0 0 0 0 1 1 0 0 : 869
0 0 0 0 1 0 1 1 : 137
0 0 0 0 1 0 1 0 : 802
0 0 0 0 1 0 0 1 : 798
0 0 0 0 1 0 0 0 : 10838
0 0 0 0 0 1 1 1 : 152
0 0 0 0 0 1 1 0 : 709
0 0 0 0 0 1 0 1 : 959
0 0 0 0 0 1 0 0 : 10135
0 0 0 0 0 0 1 1 : 925
0 0 0 0 0 0 1 0 : 9882
0 0 0 0 0 0 0 1 : 9414
0 0 0 0 0 0 0 0 : 1912224
